-- Found ament_cmake: 1.3.14 (/opt/ros/humble/share/ament_cmake/cmake)
-- Found rclcpp: 16.0.19 (/opt/ros/humble/share/rclcpp/cmake)
-- Found rosidl_generator_c: 3.1.8 (/opt/ros/humble/share/rosidl_generator_c/cmake)
-- Found rosidl_adapter: 3.1.8 (/opt/ros/humble/share/rosidl_adapter/cmake)
-- Found rosidl_generator_cpp: 3.1.8 (/opt/ros/humble/share/rosidl_generator_cpp/cmake)
-- Using all available rosidl_typesupport_c: rosidl_typesupport_fastrtps_c;rosidl_typesupport_introspection_c
-- Using all available rosidl_typesupport_cpp: rosidl_typesupport_fastrtps_cpp;rosidl_typesupport_introspection_cpp
-- Found rmw_implementation_cmake: 6.1.2 (/opt/ros/humble/share/rmw_implementation_cmake/cmake)
-- Found rmw_fastrtps_cpp: 6.2.10 (/opt/ros/humble/share/rmw_fastrtps_cpp/cmake)
-- Using RMW implementation 'rmw_fastrtps_cpp' as default
-- Found sensor_msgs: 4.9.1 (/opt/ros/humble/share/sensor_msgs/cmake)
-- Found cv_bridge: 3.2.1 (/opt/ros/humble/share/cv_bridge/cmake)
-- Found ament_lint_auto: 0.12.15 (/opt/ros/humble/share/ament_lint_auto/cmake)
-- Added test 'cppcheck' to perform static code analysis on C / C++ code
-- Configured cppcheck include dirs: 
-- Configured cppcheck exclude dirs and/or files: 
-- Added test 'lint_cmake' to check CMake code style
-- Added test 'uncrustify' to check C / C++ code style
-- Configured uncrustify additional arguments: 
-- Added test 'xmllint' to check XML markup files
-- Configuring done
-- Generating done
-- Build files have been written to: /home/r0bot/桌面/course/week3/ros2_ws/build/armor_detect
[35m[1mConsolidate compiler generated dependencies of target step4_lightbars[0m
[35m[1mConsolidate compiler generated dependencies of target color_split[0m
[35m[1mConsolidate compiler generated dependencies of target hsv_check[0m
[35m[1mConsolidate compiler generated dependencies of target hsv_scan[0m
[ 12%] [32mBuilding CXX object CMakeFiles/hsv_check.dir/src/hsv_check.cpp.o[0m
[ 37%] [32mBuilding CXX object CMakeFiles/step4_lightbars.dir/src/step4_lightbars.cpp.o[0m
[ 37%] [32mBuilding CXX object CMakeFiles/hsv_scan.dir/src/hsv_scan.cpp.o[0m
[ 62%] Built target color_split
[01m[K/home/r0bot/桌面/course/week3/ros2_ws/src/armor_detect/src/hsv_check.cpp:48:2:[m[K [01;31m[Kerror: [m[K‘[01m[Khsv[m[K’ does not name a type
   48 | }[01;31m[Khsv[m[K
      |  [01;31m[K^~~[m[K
gmake[2]: *** [CMakeFiles/hsv_check.dir/build.make:76：CMakeFiles/hsv_check.dir/src/hsv_check.cpp.o] 错误 1
gmake[1]: *** [CMakeFiles/Makefile2:195：CMakeFiles/hsv_check.dir/all] 错误 2
gmake[1]: *** 正在等待未完成的任务....
[ 75%] [32m[1mLinking CXX executable hsv_scan[0m
[ 87%] [32m[1mLinking CXX executable step4_lightbars[0m
[ 87%] Built target step4_lightbars
[ 87%] Built target hsv_scan
gmake: *** [Makefile:146：all] 错误 2
