[0.007s] Invoking command in '/home/r0bot/桌面/course/week3/ros2_ws/build/armor_detect': CMAKE_PREFIX_PATH=${CMAKE_PREFIX_PATH}:/opt/ros/humble /usr/bin/cmake --build /home/r0bot/桌面/course/week3/ros2_ws/build/armor_detect -- -j32 -l32
[0.051s] -- Found ament_cmake: 1.3.14 (/opt/ros/humble/share/ament_cmake/cmake)
[0.124s] -- Found rclcpp: 16.0.19 (/opt/ros/humble/share/rclcpp/cmake)
[0.146s] -- Found rosidl_generator_c: 3.1.8 (/opt/ros/humble/share/rosidl_generator_c/cmake)
[0.148s] -- Found rosidl_adapter: 3.1.8 (/opt/ros/humble/share/rosidl_adapter/cmake)
[0.153s] -- Found rosidl_generator_cpp: 3.1.8 (/opt/ros/humble/share/rosidl_generator_cpp/cmake)
[0.160s] -- Using all available rosidl_typesupport_c: rosidl_typesupport_fastrtps_c;rosidl_typesupport_introspection_c
[0.169s] -- Using all available rosidl_typesupport_cpp: rosidl_typesupport_fastrtps_cpp;rosidl_typesupport_introspection_cpp
[0.191s] -- Found rmw_implementation_cmake: 6.1.2 (/opt/ros/humble/share/rmw_implementation_cmake/cmake)
[0.192s] -- Found rmw_fastrtps_cpp: 6.2.10 (/opt/ros/humble/share/rmw_fastrtps_cpp/cmake)
[0.258s] -- Using RMW implementation 'rmw_fastrtps_cpp' as default
[0.291s] -- Found sensor_msgs: 4.9.1 (/opt/ros/humble/share/sensor_msgs/cmake)
[0.310s] -- Found cv_bridge: 3.2.1 (/opt/ros/humble/share/cv_bridge/cmake)
[0.316s] -- Found ament_lint_auto: 0.12.15 (/opt/ros/humble/share/ament_lint_auto/cmake)
[0.361s] -- Added test 'cppcheck' to perform static code analysis on C / C++ code
[0.361s] -- Configured cppcheck include dirs: 
[0.361s] -- Configured cppcheck exclude dirs and/or files: 
[0.361s] -- Added test 'lint_cmake' to check CMake code style
[0.362s] -- Added test 'uncrustify' to check C / C++ code style
[0.362s] -- Configured uncrustify additional arguments: 
[0.362s] -- Added test 'xmllint' to check XML markup files
[0.363s] -- Configuring done
[0.381s] -- Generating done
[0.385s] -- Build files have been written to: /home/r0bot/桌面/course/week3/ros2_ws/build/armor_detect
[0.401s] [35m[1mConsolidate compiler generated dependencies of target step4_lightbars[0m
[0.401s] [35m[1mConsolidate compiler generated dependencies of target color_split[0m
[0.402s] [35m[1mConsolidate compiler generated dependencies of target hsv_check[0m
[0.402s] [35m[1mConsolidate compiler generated dependencies of target hsv_scan[0m
[0.418s] [ 12%] [32mBuilding CXX object CMakeFiles/hsv_check.dir/src/hsv_check.cpp.o[0m
[0.419s] [ 37%] [32mBuilding CXX object CMakeFiles/step4_lightbars.dir/src/step4_lightbars.cpp.o[0m
[0.419s] [ 37%] [32mBuilding CXX object CMakeFiles/hsv_scan.dir/src/hsv_scan.cpp.o[0m
[0.419s] [ 62%] Built target color_split
[1.067s] [01m[K/home/r0bot/桌面/course/week3/ros2_ws/src/armor_detect/src/hsv_check.cpp:48:2:[m[K [01;31m[Kerror: [m[K‘[01m[Khsv[m[K’ does not name a type
[1.067s]    48 | }[01;31m[Khsv[m[K
[1.067s]       |  [01;31m[K^~~[m[K
[1.288s] gmake[2]: *** [CMakeFiles/hsv_check.dir/build.make:76：CMakeFiles/hsv_check.dir/src/hsv_check.cpp.o] 错误 1
[1.288s] gmake[1]: *** [CMakeFiles/Makefile2:195：CMakeFiles/hsv_check.dir/all] 错误 2
[1.288s] gmake[1]: *** 正在等待未完成的任务....
[1.348s] [ 75%] [32m[1mLinking CXX executable hsv_scan[0m
[1.360s] [ 87%] [32m[1mLinking CXX executable step4_lightbars[0m
[1.601s] [ 87%] Built target step4_lightbars
[1.608s] [ 87%] Built target hsv_scan
[1.608s] gmake: *** [Makefile:146：all] 错误 2
[1.610s] Invoked command in '/home/r0bot/桌面/course/week3/ros2_ws/build/armor_detect' returned '2': CMAKE_PREFIX_PATH=${CMAKE_PREFIX_PATH}:/opt/ros/humble /usr/bin/cmake --build /home/r0bot/桌面/course/week3/ros2_ws/build/armor_detect -- -j32 -l32
