[ 33%] Built target color_split
[ 50%] [32mBuilding CXX object CMakeFiles/step4_lightbars.dir/src/step4_lightbars.cpp.o[0m
[ 83%] Built target hsv_check
[01m[K/home/r0bot/桌面/course/week3/ros2_ws/src/armor_detect/src/step4_lightbars.cpp:[m[K In function ‘[01m[Kint main()[m[K’:
[01m[K/home/r0bot/桌面/course/week3/ros2_ws/src/armor_detect/src/step4_lightbars.cpp:36:24:[m[K [01;31m[Kerror: [m[Kexpected primary-expression before ‘[01m[K([m[K’ token
   36 |     inRange(hsv, Scalar[01;31m[K([m[K150, 20 100), Scalar(180, 255, 255), mask_red2);
      |                        [01;31m[K^[m[K
[01m[K/home/r0bot/桌面/course/week3/ros2_ws/src/armor_detect/src/step4_lightbars.cpp:36:32:[m[K [01;31m[Kerror: [m[Kexpected ‘[01m[K)[m[K’ before numeric constant
   36 |     inRange(hsv, Scalar[34m[K([m[K150, 20[01;31m[K [m[K[32m[K100[m[K), Scalar(180, 255, 255), mask_red2);
      |                        [34m[K~[m[K       [01;31m[K^[m[K[32m[K~~~[m[K
      |                                [32m[K)[m[K
[01m[K/home/r0bot/桌面/course/week3/ros2_ws/src/armor_detect/src/step4_lightbars.cpp:40:24:[m[K [01;31m[Kerror: [m[Kexpected primary-expression before ‘[01m[K([m[K’ token
   40 |     inRange(hsv, Scalar[01;31m[K([m[K80,30 100), Scalar(115, 255, 255), mask_blue);
      |                        [01;31m[K^[m[K
[01m[K/home/r0bot/桌面/course/week3/ros2_ws/src/armor_detect/src/step4_lightbars.cpp:40:30:[m[K [01;31m[Kerror: [m[Kexpected ‘[01m[K)[m[K’ before numeric constant
   40 |     inRange(hsv, Scalar[34m[K([m[K80,30[01;31m[K [m[K[32m[K100[m[K), Scalar(115, 255, 255), mask_blue);
      |                        [34m[K~[m[K     [01;31m[K^[m[K[32m[K~~~[m[K
      |                              [32m[K)[m[K
gmake[2]: *** [CMakeFiles/step4_lightbars.dir/build.make:76：CMakeFiles/step4_lightbars.dir/src/step4_lightbars.cpp.o] 错误 1
gmake[1]: *** [CMakeFiles/Makefile2:167：CMakeFiles/step4_lightbars.dir/all] 错误 2
gmake: *** [Makefile:146：all] 错误 2
