[0.006s] Invoking command in '/home/r0bot/桌面/course/week3/ros2_ws/build/armor_detect': CMAKE_PREFIX_PATH=${CMAKE_PREFIX_PATH}:/opt/ros/humble /usr/bin/cmake --build /home/r0bot/桌面/course/week3/ros2_ws/build/armor_detect -- -j32 -l32
[0.031s] [35m[1mConsolidate compiler generated dependencies of target armor_detector_lib[0m
[0.033s] [35m[1mConsolidate compiler generated dependencies of target step4_lightbars[0m
[0.039s] [ 11%] Built target color_split
[0.039s] [ 22%] Built target video_player
[0.039s] [ 27%] [32mBuilding CXX object CMakeFiles/armor_detector_lib.dir/src/armor_detector.cpp.o[0m
[0.039s] [ 38%] Built target hsv_check
[0.040s] [ 50%] Built target extract_frames
[0.040s] [ 61%] Built target hsv_scan
[0.040s] [ 66%] [32mBuilding CXX object CMakeFiles/step4_lightbars.dir/src/step4_lightbars.cpp.o[0m
[0.876s] [ 72%] [32m[1mLinking CXX executable step4_lightbars[0m
[0.963s] [ 77%] [32m[1mLinking CXX static library libarmor_detector_lib.a[0m
[0.982s] [ 77%] Built target armor_detector_lib
[0.995s] [ 83%] [32m[1mLinking CXX executable video_processor[0m
[0.998s] [ 88%] [32m[1mLinking CXX executable diagnose[0m
[1.067s] [ 88%] Built target step4_lightbars
[1.203s] [ 94%] Built target video_processor
[1.229s] [100%] Built target diagnose
[1.236s] Invoked command in '/home/r0bot/桌面/course/week3/ros2_ws/build/armor_detect' returned '0': CMAKE_PREFIX_PATH=${CMAKE_PREFIX_PATH}:/opt/ros/humble /usr/bin/cmake --build /home/r0bot/桌面/course/week3/ros2_ws/build/armor_detect -- -j32 -l32
[1.242s] Invoking command in '/home/r0bot/桌面/course/week3/ros2_ws/build/armor_detect': CMAKE_PREFIX_PATH=${CMAKE_PREFIX_PATH}:/opt/ros/humble /usr/bin/cmake --install /home/r0bot/桌面/course/week3/ros2_ws/build/armor_detect
[1.246s] -- Install configuration: ""
[1.246s] -- Installing: /home/r0bot/桌面/course/week3/ros2_ws/install/armor_detect/lib/armor_detect/video_processor
[1.247s] -- Up-to-date: /home/r0bot/桌面/course/week3/ros2_ws/install/armor_detect/lib/armor_detect/color_split
[1.247s] -- Installing: /home/r0bot/桌面/course/week3/ros2_ws/install/armor_detect/lib/armor_detect/step4_lightbars
[1.247s] -- Up-to-date: /home/r0bot/桌面/course/week3/ros2_ws/install/armor_detect/lib/armor_detect/hsv_check
[1.247s] -- Up-to-date: /home/r0bot/桌面/course/week3/ros2_ws/install/armor_detect/lib/armor_detect/hsv_scan
[1.247s] -- Up-to-date: /home/r0bot/桌面/course/week3/ros2_ws/install/armor_detect/lib/armor_detect/video_player
[1.247s] -- Installing: /home/r0bot/桌面/course/week3/ros2_ws/install/armor_detect/lib/armor_detect/diagnose
[1.248s] -- Up-to-date: /home/r0bot/桌面/course/week3/ros2_ws/install/armor_detect/lib/armor_detect/extract_frames
[1.248s] -- Up-to-date: /home/r0bot/桌面/course/week3/ros2_ws/install/armor_detect/share/ament_index/resource_index/package_run_dependencies/armor_detect
[1.248s] -- Up-to-date: /home/r0bot/桌面/course/week3/ros2_ws/install/armor_detect/share/ament_index/resource_index/parent_prefix_path/armor_detect
[1.248s] -- Up-to-date: /home/r0bot/桌面/course/week3/ros2_ws/install/armor_detect/share/armor_detect/environment/ament_prefix_path.sh
[1.248s] -- Up-to-date: /home/r0bot/桌面/course/week3/ros2_ws/install/armor_detect/share/armor_detect/environment/ament_prefix_path.dsv
[1.248s] -- Up-to-date: /home/r0bot/桌面/course/week3/ros2_ws/install/armor_detect/share/armor_detect/environment/path.sh
[1.248s] -- Up-to-date: /home/r0bot/桌面/course/week3/ros2_ws/install/armor_detect/share/armor_detect/environment/path.dsv
[1.248s] -- Up-to-date: /home/r0bot/桌面/course/week3/ros2_ws/install/armor_detect/share/armor_detect/local_setup.bash
[1.248s] -- Up-to-date: /home/r0bot/桌面/course/week3/ros2_ws/install/armor_detect/share/armor_detect/local_setup.sh
[1.248s] -- Up-to-date: /home/r0bot/桌面/course/week3/ros2_ws/install/armor_detect/share/armor_detect/local_setup.zsh
[1.248s] -- Up-to-date: /home/r0bot/桌面/course/week3/ros2_ws/install/armor_detect/share/armor_detect/local_setup.dsv
[1.248s] -- Installing: /home/r0bot/桌面/course/week3/ros2_ws/install/armor_detect/share/armor_detect/package.dsv
[1.248s] -- Up-to-date: /home/r0bot/桌面/course/week3/ros2_ws/install/armor_detect/share/ament_index/resource_index/packages/armor_detect
[1.248s] -- Up-to-date: /home/r0bot/桌面/course/week3/ros2_ws/install/armor_detect/share/armor_detect/cmake/armor_detectConfig.cmake
[1.248s] -- Up-to-date: /home/r0bot/桌面/course/week3/ros2_ws/install/armor_detect/share/armor_detect/cmake/armor_detectConfig-version.cmake
[1.248s] -- Up-to-date: /home/r0bot/桌面/course/week3/ros2_ws/install/armor_detect/share/armor_detect/package.xml
[1.249s] Invoked command in '/home/r0bot/桌面/course/week3/ros2_ws/build/armor_detect' returned '0': CMAKE_PREFIX_PATH=${CMAKE_PREFIX_PATH}:/opt/ros/humble /usr/bin/cmake --install /home/r0bot/桌面/course/week3/ros2_ws/build/armor_detect
