[35m[1mConsolidate compiler generated dependencies of target listener[0m
[35m[1mConsolidate compiler generated dependencies of target talker[0m
[ 50%] Built target listener
[100%] Built target talker
-- Install configuration: ""
-- Up-to-date: /home/r0bot/桌面/course/week2/ros2_ws/install/training_pkg/lib/training_pkg/talker
-- Up-to-date: /home/r0bot/桌面/course/week2/ros2_ws/install/training_pkg/lib/training_pkg/listener
-- Up-to-date: /home/r0bot/桌面/course/week2/ros2_ws/install/training_pkg/share/ament_index/resource_index/package_run_dependencies/training_pkg
-- Up-to-date: /home/r0bot/桌面/course/week2/ros2_ws/install/training_pkg/share/ament_index/resource_index/parent_prefix_path/training_pkg
-- Up-to-date: /home/r0bot/桌面/course/week2/ros2_ws/install/training_pkg/share/training_pkg/environment/ament_prefix_path.sh
-- Up-to-date: /home/r0bot/桌面/course/week2/ros2_ws/install/training_pkg/share/training_pkg/environment/ament_prefix_path.dsv
-- Up-to-date: /home/r0bot/桌面/course/week2/ros2_ws/install/training_pkg/share/training_pkg/environment/path.sh
-- Up-to-date: /home/r0bot/桌面/course/week2/ros2_ws/install/training_pkg/share/training_pkg/environment/path.dsv
-- Up-to-date: /home/r0bot/桌面/course/week2/ros2_ws/install/training_pkg/share/training_pkg/local_setup.bash
-- Up-to-date: /home/r0bot/桌面/course/week2/ros2_ws/install/training_pkg/share/training_pkg/local_setup.sh
-- Up-to-date: /home/r0bot/桌面/course/week2/ros2_ws/install/training_pkg/share/training_pkg/local_setup.zsh
-- Up-to-date: /home/r0bot/桌面/course/week2/ros2_ws/install/training_pkg/share/training_pkg/local_setup.dsv
-- Installing: /home/r0bot/桌面/course/week2/ros2_ws/install/training_pkg/share/training_pkg/package.dsv
-- Up-to-date: /home/r0bot/桌面/course/week2/ros2_ws/install/training_pkg/share/ament_index/resource_index/packages/training_pkg
-- Up-to-date: /home/r0bot/桌面/course/week2/ros2_ws/install/training_pkg/share/training_pkg/cmake/training_pkgConfig.cmake
-- Up-to-date: /home/r0bot/桌面/course/week2/ros2_ws/install/training_pkg/share/training_pkg/cmake/training_pkgConfig-version.cmake
-- Up-to-date: /home/r0bot/桌面/course/week2/ros2_ws/install/training_pkg/share/training_pkg/package.xml
