[0.005s] Invoking command in '/home/r0bot/桌面/course/week2/ros2_ws/build/training_pkg': CMAKE_PREFIX_PATH=/opt/ros/humble /usr/bin/cmake --build /home/r0bot/桌面/course/week2/ros2_ws/build/training_pkg -- -j32 -l32
[0.028s] [35m[1mConsolidate compiler generated dependencies of target listener[0m
[0.029s] [35m[1mConsolidate compiler generated dependencies of target talker[0m
[0.038s] [ 50%] Built target listener
[0.039s] [100%] Built target talker
[0.046s] Invoked command in '/home/r0bot/桌面/course/week2/ros2_ws/build/training_pkg' returned '0': CMAKE_PREFIX_PATH=/opt/ros/humble /usr/bin/cmake --build /home/r0bot/桌面/course/week2/ros2_ws/build/training_pkg -- -j32 -l32
[0.052s] Invoking command in '/home/r0bot/桌面/course/week2/ros2_ws/build/training_pkg': CMAKE_PREFIX_PATH=/opt/ros/humble /usr/bin/cmake --install /home/r0bot/桌面/course/week2/ros2_ws/build/training_pkg
[0.056s] -- Install configuration: ""
[0.056s] -- Up-to-date: /home/r0bot/桌面/course/week2/ros2_ws/install/training_pkg/lib/training_pkg/talker
[0.056s] -- Up-to-date: /home/r0bot/桌面/course/week2/ros2_ws/install/training_pkg/lib/training_pkg/listener
[0.056s] -- Up-to-date: /home/r0bot/桌面/course/week2/ros2_ws/install/training_pkg/share/ament_index/resource_index/package_run_dependencies/training_pkg
[0.056s] -- Up-to-date: /home/r0bot/桌面/course/week2/ros2_ws/install/training_pkg/share/ament_index/resource_index/parent_prefix_path/training_pkg
[0.056s] -- Up-to-date: /home/r0bot/桌面/course/week2/ros2_ws/install/training_pkg/share/training_pkg/environment/ament_prefix_path.sh
[0.056s] -- Up-to-date: /home/r0bot/桌面/course/week2/ros2_ws/install/training_pkg/share/training_pkg/environment/ament_prefix_path.dsv
[0.056s] -- Up-to-date: /home/r0bot/桌面/course/week2/ros2_ws/install/training_pkg/share/training_pkg/environment/path.sh
[0.056s] -- Up-to-date: /home/r0bot/桌面/course/week2/ros2_ws/install/training_pkg/share/training_pkg/environment/path.dsv
[0.056s] -- Up-to-date: /home/r0bot/桌面/course/week2/ros2_ws/install/training_pkg/share/training_pkg/local_setup.bash
[0.057s] -- Up-to-date: /home/r0bot/桌面/course/week2/ros2_ws/install/training_pkg/share/training_pkg/local_setup.sh
[0.057s] -- Up-to-date: /home/r0bot/桌面/course/week2/ros2_ws/install/training_pkg/share/training_pkg/local_setup.zsh
[0.057s] -- Up-to-date: /home/r0bot/桌面/course/week2/ros2_ws/install/training_pkg/share/training_pkg/local_setup.dsv
[0.057s] -- Installing: /home/r0bot/桌面/course/week2/ros2_ws/install/training_pkg/share/training_pkg/package.dsv
[0.057s] -- Up-to-date: /home/r0bot/桌面/course/week2/ros2_ws/install/training_pkg/share/ament_index/resource_index/packages/training_pkg
[0.057s] -- Up-to-date: /home/r0bot/桌面/course/week2/ros2_ws/install/training_pkg/share/training_pkg/cmake/training_pkgConfig.cmake
[0.057s] -- Up-to-date: /home/r0bot/桌面/course/week2/ros2_ws/install/training_pkg/share/training_pkg/cmake/training_pkgConfig-version.cmake
[0.057s] -- Up-to-date: /home/r0bot/桌面/course/week2/ros2_ws/install/training_pkg/share/training_pkg/package.xml
[0.058s] Invoked command in '/home/r0bot/桌面/course/week2/ros2_ws/build/training_pkg' returned '0': CMAKE_PREFIX_PATH=/opt/ros/humble /usr/bin/cmake --install /home/r0bot/桌面/course/week2/ros2_ws/build/training_pkg
