[0.006s] Invoking command in '/home/r0bot/桌面/course/week3/ros2_ws/build/armor_detect': CMAKE_PREFIX_PATH=${CMAKE_PREFIX_PATH}:/opt/ros/humble /usr/bin/cmake --build /home/r0bot/桌面/course/week3/ros2_ws/build/armor_detect -- -j32 -l32
[0.031s] [35m[1mConsolidate compiler generated dependencies of target color_split[0m
[0.039s] [ 50%] [32mBuilding CXX object CMakeFiles/color_split.dir/src/color_split.cpp.o[0m
[0.862s] [100%] [32m[1mLinking CXX executable color_split[0m
[1.133s] [100%] Built target color_split
[1.141s] Invoked command in '/home/r0bot/桌面/course/week3/ros2_ws/build/armor_detect' returned '0': CMAKE_PREFIX_PATH=${CMAKE_PREFIX_PATH}:/opt/ros/humble /usr/bin/cmake --build /home/r0bot/桌面/course/week3/ros2_ws/build/armor_detect -- -j32 -l32
[1.147s] Invoking command in '/home/r0bot/桌面/course/week3/ros2_ws/build/armor_detect': CMAKE_PREFIX_PATH=${CMAKE_PREFIX_PATH}:/opt/ros/humble /usr/bin/cmake --install /home/r0bot/桌面/course/week3/ros2_ws/build/armor_detect
[1.152s] -- Install configuration: ""
[1.153s] -- Installing: /home/r0bot/桌面/course/week3/ros2_ws/install/armor_detect/lib/armor_detect/color_split
[1.153s] -- Set runtime path of "/home/r0bot/桌面/course/week3/ros2_ws/install/armor_detect/lib/armor_detect/color_split" to ""
[1.153s] -- Up-to-date: /home/r0bot/桌面/course/week3/ros2_ws/install/armor_detect/share/ament_index/resource_index/package_run_dependencies/armor_detect
[1.153s] -- Up-to-date: /home/r0bot/桌面/course/week3/ros2_ws/install/armor_detect/share/ament_index/resource_index/parent_prefix_path/armor_detect
[1.153s] -- Up-to-date: /home/r0bot/桌面/course/week3/ros2_ws/install/armor_detect/share/armor_detect/environment/ament_prefix_path.sh
[1.153s] -- Up-to-date: /home/r0bot/桌面/course/week3/ros2_ws/install/armor_detect/share/armor_detect/environment/ament_prefix_path.dsv
[1.153s] -- Up-to-date: /home/r0bot/桌面/course/week3/ros2_ws/install/armor_detect/share/armor_detect/environment/path.sh
[1.153s] -- Up-to-date: /home/r0bot/桌面/course/week3/ros2_ws/install/armor_detect/share/armor_detect/environment/path.dsv
[1.153s] -- Up-to-date: /home/r0bot/桌面/course/week3/ros2_ws/install/armor_detect/share/armor_detect/local_setup.bash
[1.153s] -- Up-to-date: /home/r0bot/桌面/course/week3/ros2_ws/install/armor_detect/share/armor_detect/local_setup.sh
[1.153s] -- Up-to-date: /home/r0bot/桌面/course/week3/ros2_ws/install/armor_detect/share/armor_detect/local_setup.zsh
[1.153s] -- Up-to-date: /home/r0bot/桌面/course/week3/ros2_ws/install/armor_detect/share/armor_detect/local_setup.dsv
[1.153s] -- Installing: /home/r0bot/桌面/course/week3/ros2_ws/install/armor_detect/share/armor_detect/package.dsv
[1.154s] -- Up-to-date: /home/r0bot/桌面/course/week3/ros2_ws/install/armor_detect/share/ament_index/resource_index/packages/armor_detect
[1.154s] -- Up-to-date: /home/r0bot/桌面/course/week3/ros2_ws/install/armor_detect/share/armor_detect/cmake/armor_detectConfig.cmake
[1.154s] -- Up-to-date: /home/r0bot/桌面/course/week3/ros2_ws/install/armor_detect/share/armor_detect/cmake/armor_detectConfig-version.cmake
[1.154s] -- Up-to-date: /home/r0bot/桌面/course/week3/ros2_ws/install/armor_detect/share/armor_detect/package.xml
[1.155s] Invoked command in '/home/r0bot/桌面/course/week3/ros2_ws/build/armor_detect' returned '0': CMAKE_PREFIX_PATH=${CMAKE_PREFIX_PATH}:/opt/ros/humble /usr/bin/cmake --install /home/r0bot/桌面/course/week3/ros2_ws/build/armor_detect
