[0.006s] Invoking command in '/home/r0bot/桌面/course/week2/ros2_ws/build/training_pkg': CMAKE_PREFIX_PATH=/opt/ros/humble /usr/bin/cmake /home/r0bot/桌面/course/week2/ros2_ws/src/training_pkg -DCMAKE_INSTALL_PREFIX=/home/r0bot/桌面/course/week2/ros2_ws/install/training_pkg
[0.089s] -- The C compiler identification is GNU 11.4.0
[0.143s] -- The CXX compiler identification is GNU 11.4.0
[0.150s] -- Detecting C compiler ABI info
[0.193s] -- Detecting C compiler ABI info - done
[0.197s] -- Check for working C compiler: /usr/bin/cc - skipped
[0.197s] -- Detecting C compile features
[0.197s] -- Detecting C compile features - done
[0.199s] -- Detecting CXX compiler ABI info
[0.245s] -- Detecting CXX compiler ABI info - done
[0.249s] -- Check for working CXX compiler: /usr/bin/c++ - skipped
[0.249s] -- Detecting CXX compile features
[0.249s] -- Detecting CXX compile features - done
[0.252s] -- Found ament_cmake: 1.3.14 (/opt/ros/humble/share/ament_cmake/cmake)
[0.334s] -- Found Python3: /usr/bin/python3 (found version "3.10.12") found components: Interpreter 
[0.389s] -- Found rclcpp: 16.0.19 (/opt/ros/humble/share/rclcpp/cmake)
[0.418s] -- Found rosidl_generator_c: 3.1.8 (/opt/ros/humble/share/rosidl_generator_c/cmake)
[0.421s] -- Found rosidl_adapter: 3.1.8 (/opt/ros/humble/share/rosidl_adapter/cmake)
[0.427s] -- Found rosidl_generator_cpp: 3.1.8 (/opt/ros/humble/share/rosidl_generator_cpp/cmake)
[0.436s] -- Using all available rosidl_typesupport_c: rosidl_typesupport_fastrtps_c;rosidl_typesupport_introspection_c
[0.446s] -- Using all available rosidl_typesupport_cpp: rosidl_typesupport_fastrtps_cpp;rosidl_typesupport_introspection_cpp
[0.474s] -- Found rmw_implementation_cmake: 6.1.2 (/opt/ros/humble/share/rmw_implementation_cmake/cmake)
[0.476s] -- Found rmw_fastrtps_cpp: 6.2.10 (/opt/ros/humble/share/rmw_fastrtps_cpp/cmake)
[0.539s] -- Found OpenSSL: /usr/lib/x86_64-linux-gnu/libcrypto.so (found version "3.0.2")  
[0.555s] -- Found FastRTPS: /opt/ros/humble/include  
[0.579s] -- Using RMW implementation 'rmw_fastrtps_cpp' as default
[0.585s] -- Looking for pthread.h
[0.634s] -- Looking for pthread.h - found
[0.634s] -- Performing Test CMAKE_HAVE_LIBC_PTHREAD
[0.676s] -- Performing Test CMAKE_HAVE_LIBC_PTHREAD - Success
[0.677s] -- Found Threads: TRUE  
[0.710s] -- Found ament_lint_auto: 0.12.15 (/opt/ros/humble/share/ament_lint_auto/cmake)
[0.752s] -- Added test 'cppcheck' to perform static code analysis on C / C++ code
[0.752s] -- Configured cppcheck include dirs: 
[0.752s] -- Configured cppcheck exclude dirs and/or files: 
[0.753s] -- Added test 'lint_cmake' to check CMake code style
[0.753s] -- Added test 'uncrustify' to check C / C++ code style
[0.753s] -- Configured uncrustify additional arguments: 
[0.754s] -- Added test 'xmllint' to check XML markup files
[0.754s] -- Configuring done
[0.757s] -- Generating done
[0.758s] -- Build files have been written to: /home/r0bot/桌面/course/week2/ros2_ws/build/training_pkg
[0.765s] Invoked command in '/home/r0bot/桌面/course/week2/ros2_ws/build/training_pkg' returned '0': CMAKE_PREFIX_PATH=/opt/ros/humble /usr/bin/cmake /home/r0bot/桌面/course/week2/ros2_ws/src/training_pkg -DCMAKE_INSTALL_PREFIX=/home/r0bot/桌面/course/week2/ros2_ws/install/training_pkg
[0.766s] Invoking command in '/home/r0bot/桌面/course/week2/ros2_ws/build/training_pkg': CMAKE_PREFIX_PATH=/opt/ros/humble /usr/bin/cmake --build /home/r0bot/桌面/course/week2/ros2_ws/build/training_pkg -- -j32 -l32
[0.789s] Invoked command in '/home/r0bot/桌面/course/week2/ros2_ws/build/training_pkg' returned '0': CMAKE_PREFIX_PATH=/opt/ros/humble /usr/bin/cmake --build /home/r0bot/桌面/course/week2/ros2_ws/build/training_pkg -- -j32 -l32
[0.795s] Invoking command in '/home/r0bot/桌面/course/week2/ros2_ws/build/training_pkg': CMAKE_PREFIX_PATH=/opt/ros/humble /usr/bin/cmake --install /home/r0bot/桌面/course/week2/ros2_ws/build/training_pkg
[0.799s] -- Install configuration: ""
[0.799s] -- Installing: /home/r0bot/桌面/course/week2/ros2_ws/install/training_pkg/share/ament_index/resource_index/package_run_dependencies/training_pkg
[0.800s] -- Installing: /home/r0bot/桌面/course/week2/ros2_ws/install/training_pkg/share/ament_index/resource_index/parent_prefix_path/training_pkg
[0.800s] -- Installing: /home/r0bot/桌面/course/week2/ros2_ws/install/training_pkg/share/training_pkg/environment/ament_prefix_path.sh
[0.800s] -- Installing: /home/r0bot/桌面/course/week2/ros2_ws/install/training_pkg/share/training_pkg/environment/ament_prefix_path.dsv
[0.800s] -- Installing: /home/r0bot/桌面/course/week2/ros2_ws/install/training_pkg/share/training_pkg/environment/path.sh
[0.800s] -- Installing: /home/r0bot/桌面/course/week2/ros2_ws/install/training_pkg/share/training_pkg/environment/path.dsv
[0.800s] -- Installing: /home/r0bot/桌面/course/week2/ros2_ws/install/training_pkg/share/training_pkg/local_setup.bash
[0.800s] -- Installing: /home/r0bot/桌面/course/week2/ros2_ws/install/training_pkg/share/training_pkg/local_setup.sh
[0.800s] -- Installing: /home/r0bot/桌面/course/week2/ros2_ws/install/training_pkg/share/training_pkg/local_setup.zsh
[0.800s] -- Installing: /home/r0bot/桌面/course/week2/ros2_ws/install/training_pkg/share/training_pkg/local_setup.dsv
[0.800s] -- Installing: /home/r0bot/桌面/course/week2/ros2_ws/install/training_pkg/share/training_pkg/package.dsv
[0.800s] -- Installing: /home/r0bot/桌面/course/week2/ros2_ws/install/training_pkg/share/ament_index/resource_index/packages/training_pkg
[0.801s] -- Installing: /home/r0bot/桌面/course/week2/ros2_ws/install/training_pkg/share/training_pkg/cmake/training_pkgConfig.cmake
[0.801s] -- Installing: /home/r0bot/桌面/course/week2/ros2_ws/install/training_pkg/share/training_pkg/cmake/training_pkgConfig-version.cmake
[0.801s] -- Installing: /home/r0bot/桌面/course/week2/ros2_ws/install/training_pkg/share/training_pkg/package.xml
[0.802s] Invoked command in '/home/r0bot/桌面/course/week2/ros2_ws/build/training_pkg' returned '0': CMAKE_PREFIX_PATH=/opt/ros/humble /usr/bin/cmake --install /home/r0bot/桌面/course/week2/ros2_ws/build/training_pkg
