[0.133s] DEBUG:colcon:Command line arguments: ['/usr/bin/colcon', 'build', '--packages-select', 'training_pkg']
[0.133s] DEBUG:colcon:Parsed command line arguments: Namespace(log_base=None, log_level=None, verb_name='build', build_base='build', install_base='install', merge_install=False, symlink_install=False, test_result_base=None, continue_on_error=False, executor='parallel', parallel_workers=32, event_handlers=None, ignore_user_meta=False, metas=['./colcon.meta'], base_paths=['.'], packages_ignore=None, packages_ignore_regex=None, paths=None, packages_up_to=None, packages_up_to_regex=None, packages_above=None, packages_above_and_dependencies=None, packages_above_depth=None, packages_select_by_dep=None, packages_skip_by_dep=None, packages_skip_up_to=None, packages_select_build_failed=False, packages_skip_build_finished=False, packages_select_test_failures=False, packages_skip_test_passed=False, packages_select=['training_pkg'], packages_skip=None, packages_select_regex=None, packages_skip_regex=None, packages_start=None, packages_end=None, allow_overriding=[], cmake_args=None, cmake_target=None, cmake_target_skip_unavailable=False, cmake_clean_cache=False, cmake_clean_first=False, cmake_force_configure=False, ament_cmake_args=None, catkin_cmake_args=None, catkin_skip_building_tests=False, verb_parser=<colcon_defaults.argument_parser.defaults.DefaultArgumentsDecorator object at 0x7c4aef91ed40>, verb_extension=<colcon_core.verb.build.BuildVerb object at 0x7c4aefad8100>, main=<bound method BuildVerb.main of <colcon_core.verb.build.BuildVerb object at 0x7c4aefad8100>>)
[0.249s] Level 1:colcon.colcon_core.package_discovery:discover_packages(colcon_meta) check parameters
[0.249s] Level 1:colcon.colcon_core.package_discovery:discover_packages(recursive) check parameters
[0.249s] Level 1:colcon.colcon_core.package_discovery:discover_packages(ignore) check parameters
[0.249s] Level 1:colcon.colcon_core.package_discovery:discover_packages(path) check parameters
[0.249s] Level 1:colcon.colcon_core.package_discovery:discover_packages(colcon_meta) discover
[0.249s] Level 1:colcon.colcon_core.package_discovery:discover_packages(recursive) discover
[0.249s] INFO:colcon.colcon_core.package_discovery:Crawling recursively for packages in '/home/r0bot/桌面/course/week2/ros2_ws'
[0.249s] Level 1:colcon.colcon_core.package_identification:_identify(.) by extensions ['ignore', 'ignore_ament_install']
[0.249s] Level 1:colcon.colcon_core.package_identification:_identify(.) by extension 'ignore'
[0.249s] Level 1:colcon.colcon_core.package_identification:_identify(.) by extension 'ignore_ament_install'
[0.249s] Level 1:colcon.colcon_core.package_identification:_identify(.) by extensions ['colcon_pkg']
[0.249s] Level 1:colcon.colcon_core.package_identification:_identify(.) by extension 'colcon_pkg'
[0.249s] Level 1:colcon.colcon_core.package_identification:_identify(.) by extensions ['colcon_meta']
[0.249s] Level 1:colcon.colcon_core.package_identification:_identify(.) by extension 'colcon_meta'
[0.249s] Level 1:colcon.colcon_core.package_identification:_identify(.) by extensions ['ros']
[0.249s] Level 1:colcon.colcon_core.package_identification:_identify(.) by extension 'ros'
[0.256s] Level 1:colcon.colcon_core.package_identification:_identify(.) by extensions ['cmake', 'python']
[0.256s] Level 1:colcon.colcon_core.package_identification:_identify(.) by extension 'cmake'
[0.256s] Level 1:colcon.colcon_core.package_identification:_identify(.) by extension 'python'
[0.256s] Level 1:colcon.colcon_core.package_identification:_identify(.) by extensions ['python_setup_py']
[0.256s] Level 1:colcon.colcon_core.package_identification:_identify(.) by extension 'python_setup_py'
[0.256s] Level 1:colcon.colcon_core.package_identification:_identify(build) by extensions ['ignore', 'ignore_ament_install']
[0.256s] Level 1:colcon.colcon_core.package_identification:_identify(build) by extension 'ignore'
[0.256s] Level 1:colcon.colcon_core.package_identification:_identify(build) ignored
[0.256s] Level 1:colcon.colcon_core.package_identification:_identify(install) by extensions ['ignore', 'ignore_ament_install']
[0.256s] Level 1:colcon.colcon_core.package_identification:_identify(install) by extension 'ignore'
[0.256s] Level 1:colcon.colcon_core.package_identification:_identify(install) ignored
[0.256s] Level 1:colcon.colcon_core.package_identification:_identify(log) by extensions ['ignore', 'ignore_ament_install']
[0.256s] Level 1:colcon.colcon_core.package_identification:_identify(log) by extension 'ignore'
[0.256s] Level 1:colcon.colcon_core.package_identification:_identify(log) ignored
[0.256s] Level 1:colcon.colcon_core.package_identification:_identify(src) by extensions ['ignore', 'ignore_ament_install']
[0.256s] Level 1:colcon.colcon_core.package_identification:_identify(src) by extension 'ignore'
[0.256s] Level 1:colcon.colcon_core.package_identification:_identify(src) by extension 'ignore_ament_install'
[0.256s] Level 1:colcon.colcon_core.package_identification:_identify(src) by extensions ['colcon_pkg']
[0.256s] Level 1:colcon.colcon_core.package_identification:_identify(src) by extension 'colcon_pkg'
[0.256s] Level 1:colcon.colcon_core.package_identification:_identify(src) by extensions ['colcon_meta']
[0.256s] Level 1:colcon.colcon_core.package_identification:_identify(src) by extension 'colcon_meta'
[0.256s] Level 1:colcon.colcon_core.package_identification:_identify(src) by extensions ['ros']
[0.256s] Level 1:colcon.colcon_core.package_identification:_identify(src) by extension 'ros'
[0.256s] Level 1:colcon.colcon_core.package_identification:_identify(src) by extensions ['cmake', 'python']
[0.256s] Level 1:colcon.colcon_core.package_identification:_identify(src) by extension 'cmake'
[0.256s] Level 1:colcon.colcon_core.package_identification:_identify(src) by extension 'python'
[0.256s] Level 1:colcon.colcon_core.package_identification:_identify(src) by extensions ['python_setup_py']
[0.256s] Level 1:colcon.colcon_core.package_identification:_identify(src) by extension 'python_setup_py'
[0.256s] Level 1:colcon.colcon_core.package_identification:_identify(src/training_pkg) by extensions ['ignore', 'ignore_ament_install']
[0.256s] Level 1:colcon.colcon_core.package_identification:_identify(src/training_pkg) by extension 'ignore'
[0.256s] Level 1:colcon.colcon_core.package_identification:_identify(src/training_pkg) by extension 'ignore_ament_install'
[0.256s] Level 1:colcon.colcon_core.package_identification:_identify(src/training_pkg) by extensions ['colcon_pkg']
[0.256s] Level 1:colcon.colcon_core.package_identification:_identify(src/training_pkg) by extension 'colcon_pkg'
[0.256s] Level 1:colcon.colcon_core.package_identification:_identify(src/training_pkg) by extensions ['colcon_meta']
[0.256s] Level 1:colcon.colcon_core.package_identification:_identify(src/training_pkg) by extension 'colcon_meta'
[0.256s] Level 1:colcon.colcon_core.package_identification:_identify(src/training_pkg) by extensions ['ros']
[0.256s] Level 1:colcon.colcon_core.package_identification:_identify(src/training_pkg) by extension 'ros'
[0.258s] DEBUG:colcon.colcon_core.package_identification:Package 'src/training_pkg' with type 'ros.ament_cmake' and name 'training_pkg'
[0.258s] Level 1:colcon.colcon_core.package_discovery:discover_packages(recursive) using defaults
[0.258s] Level 1:colcon.colcon_core.package_discovery:discover_packages(ignore) discover
[0.258s] Level 1:colcon.colcon_core.package_discovery:discover_packages(ignore) using defaults
[0.258s] Level 1:colcon.colcon_core.package_discovery:discover_packages(path) discover
[0.258s] Level 1:colcon.colcon_core.package_discovery:discover_packages(path) using defaults
[0.273s] Level 1:colcon.colcon_core.package_discovery:discover_packages(prefix_path) check parameters
[0.273s] Level 1:colcon.colcon_core.package_discovery:discover_packages(prefix_path) discover
[0.275s] DEBUG:colcon.colcon_installed_package_information.package_discovery:Found 273 installed packages in /opt/ros/humble
[0.276s] Level 1:colcon.colcon_core.package_discovery:discover_packages(prefix_path) using defaults
[0.297s] Level 5:colcon.colcon_core.verb:set package 'training_pkg' build argument 'cmake_args' from command line to 'None'
[0.297s] Level 5:colcon.colcon_core.verb:set package 'training_pkg' build argument 'cmake_target' from command line to 'None'
[0.297s] Level 5:colcon.colcon_core.verb:set package 'training_pkg' build argument 'cmake_target_skip_unavailable' from command line to 'False'
[0.297s] Level 5:colcon.colcon_core.verb:set package 'training_pkg' build argument 'cmake_clean_cache' from command line to 'False'
[0.297s] Level 5:colcon.colcon_core.verb:set package 'training_pkg' build argument 'cmake_clean_first' from command line to 'False'
[0.297s] Level 5:colcon.colcon_core.verb:set package 'training_pkg' build argument 'cmake_force_configure' from command line to 'False'
[0.297s] Level 5:colcon.colcon_core.verb:set package 'training_pkg' build argument 'ament_cmake_args' from command line to 'None'
[0.297s] Level 5:colcon.colcon_core.verb:set package 'training_pkg' build argument 'catkin_cmake_args' from command line to 'None'
[0.297s] Level 5:colcon.colcon_core.verb:set package 'training_pkg' build argument 'catkin_skip_building_tests' from command line to 'False'
[0.297s] DEBUG:colcon.colcon_core.verb:Building package 'training_pkg' with the following arguments: {'ament_cmake_args': None, 'build_base': '/home/r0bot/桌面/course/week2/ros2_ws/build/training_pkg', 'catkin_cmake_args': None, 'catkin_skip_building_tests': False, 'cmake_args': None, 'cmake_clean_cache': False, 'cmake_clean_first': False, 'cmake_force_configure': False, 'cmake_target': None, 'cmake_target_skip_unavailable': False, 'install_base': '/home/r0bot/桌面/course/week2/ros2_ws/install/training_pkg', 'merge_install': False, 'path': '/home/r0bot/桌面/course/week2/ros2_ws/src/training_pkg', 'symlink_install': False, 'test_result_base': None}
[0.297s] INFO:colcon.colcon_core.executor:Executing jobs using 'parallel' executor
[0.298s] DEBUG:colcon.colcon_parallel_executor.executor.parallel:run_until_complete
[0.298s] INFO:colcon.colcon_ros.task.ament_cmake.build:Building ROS package in '/home/r0bot/桌面/course/week2/ros2_ws/src/training_pkg' with build type 'ament_cmake'
[0.298s] INFO:colcon.colcon_cmake.task.cmake.build:Building CMake package in '/home/r0bot/桌面/course/week2/ros2_ws/src/training_pkg'
[0.300s] INFO:colcon.colcon_core.plugin_system:Skipping extension 'colcon_core.shell.bat': Not used on non-Windows systems
[0.300s] INFO:colcon.colcon_core.shell:Skip shell extension 'powershell' for command environment: Not usable outside of PowerShell
[0.300s] DEBUG:colcon.colcon_core.shell:Skip shell extension 'dsv' for command environment
[0.304s] DEBUG:colcon.colcon_core.event_handler.log_command:Invoking command in '/home/r0bot/桌面/course/week2/ros2_ws/build/training_pkg': CMAKE_PREFIX_PATH=/opt/ros/humble /usr/bin/cmake /home/r0bot/桌面/course/week2/ros2_ws/src/training_pkg -DCMAKE_INSTALL_PREFIX=/home/r0bot/桌面/course/week2/ros2_ws/install/training_pkg
[1.063s] DEBUG:colcon.colcon_core.event_handler.log_command:Invoked command in '/home/r0bot/桌面/course/week2/ros2_ws/build/training_pkg' returned '0': CMAKE_PREFIX_PATH=/opt/ros/humble /usr/bin/cmake /home/r0bot/桌面/course/week2/ros2_ws/src/training_pkg -DCMAKE_INSTALL_PREFIX=/home/r0bot/桌面/course/week2/ros2_ws/install/training_pkg
[1.064s] DEBUG:colcon.colcon_core.event_handler.log_command:Invoking command in '/home/r0bot/桌面/course/week2/ros2_ws/build/training_pkg': CMAKE_PREFIX_PATH=/opt/ros/humble /usr/bin/cmake --build /home/r0bot/桌面/course/week2/ros2_ws/build/training_pkg -- -j32 -l32
[1.087s] DEBUG:colcon.colcon_core.event_handler.log_command:Invoked command in '/home/r0bot/桌面/course/week2/ros2_ws/build/training_pkg' returned '0': CMAKE_PREFIX_PATH=/opt/ros/humble /usr/bin/cmake --build /home/r0bot/桌面/course/week2/ros2_ws/build/training_pkg -- -j32 -l32
[1.093s] DEBUG:colcon.colcon_core.event_handler.log_command:Invoking command in '/home/r0bot/桌面/course/week2/ros2_ws/build/training_pkg': CMAKE_PREFIX_PATH=/opt/ros/humble /usr/bin/cmake --install /home/r0bot/桌面/course/week2/ros2_ws/build/training_pkg
[1.100s] Level 1:colcon.colcon_core.environment:create_environment_scripts_only(training_pkg)
[1.100s] DEBUG:colcon.colcon_core.event_handler.log_command:Invoked command in '/home/r0bot/桌面/course/week2/ros2_ws/build/training_pkg' returned '0': CMAKE_PREFIX_PATH=/opt/ros/humble /usr/bin/cmake --install /home/r0bot/桌面/course/week2/ros2_ws/build/training_pkg
[1.103s] Level 1:colcon.colcon_core.environment:checking '/home/r0bot/桌面/course/week2/ros2_ws/install/training_pkg' for CMake module files
[1.104s] Level 1:colcon.colcon_core.environment:checking '/home/r0bot/桌面/course/week2/ros2_ws/install/training_pkg' for CMake config files
[1.104s] Level 1:colcon.colcon_core.shell:create_environment_hook('training_pkg', 'cmake_prefix_path')
[1.104s] INFO:colcon.colcon_core.shell:Creating environment hook '/home/r0bot/桌面/course/week2/ros2_ws/install/training_pkg/share/training_pkg/hook/cmake_prefix_path.ps1'
[1.104s] INFO:colcon.colcon_core.shell:Creating environment descriptor '/home/r0bot/桌面/course/week2/ros2_ws/install/training_pkg/share/training_pkg/hook/cmake_prefix_path.dsv'
[1.105s] INFO:colcon.colcon_core.shell:Creating environment hook '/home/r0bot/桌面/course/week2/ros2_ws/install/training_pkg/share/training_pkg/hook/cmake_prefix_path.sh'
[1.105s] Level 1:colcon.colcon_core.environment:checking '/home/r0bot/桌面/course/week2/ros2_ws/install/training_pkg/bin'
[1.105s] Level 1:colcon.colcon_core.environment:checking '/home/r0bot/桌面/course/week2/ros2_ws/install/training_pkg/lib/pkgconfig/training_pkg.pc'
[1.105s] Level 1:colcon.colcon_core.environment:checking '/home/r0bot/桌面/course/week2/ros2_ws/install/training_pkg/lib/python3.10/site-packages'
[1.105s] Level 1:colcon.colcon_core.environment:checking '/home/r0bot/桌面/course/week2/ros2_ws/install/training_pkg/bin'
[1.106s] INFO:colcon.colcon_core.shell:Creating package script '/home/r0bot/桌面/course/week2/ros2_ws/install/training_pkg/share/training_pkg/package.ps1'
[1.106s] INFO:colcon.colcon_core.shell:Creating package descriptor '/home/r0bot/桌面/course/week2/ros2_ws/install/training_pkg/share/training_pkg/package.dsv'
[1.107s] INFO:colcon.colcon_core.shell:Creating package script '/home/r0bot/桌面/course/week2/ros2_ws/install/training_pkg/share/training_pkg/package.sh'
[1.107s] INFO:colcon.colcon_core.shell:Creating package script '/home/r0bot/桌面/course/week2/ros2_ws/install/training_pkg/share/training_pkg/package.bash'
[1.107s] INFO:colcon.colcon_core.shell:Creating package script '/home/r0bot/桌面/course/week2/ros2_ws/install/training_pkg/share/training_pkg/package.zsh'
[1.108s] Level 1:colcon.colcon_core.environment:create_file_with_runtime_dependencies(/home/r0bot/桌面/course/week2/ros2_ws/install/training_pkg/share/colcon-core/packages/training_pkg)
[1.108s] Level 1:colcon.colcon_core.environment:create_environment_scripts_only(training_pkg)
[1.108s] Level 1:colcon.colcon_core.environment:checking '/home/r0bot/桌面/course/week2/ros2_ws/install/training_pkg' for CMake module files
[1.109s] Level 1:colcon.colcon_core.environment:checking '/home/r0bot/桌面/course/week2/ros2_ws/install/training_pkg' for CMake config files
[1.109s] Level 1:colcon.colcon_core.shell:create_environment_hook('training_pkg', 'cmake_prefix_path')
[1.109s] INFO:colcon.colcon_core.shell:Creating environment hook '/home/r0bot/桌面/course/week2/ros2_ws/install/training_pkg/share/training_pkg/hook/cmake_prefix_path.ps1'
[1.109s] INFO:colcon.colcon_core.shell:Creating environment descriptor '/home/r0bot/桌面/course/week2/ros2_ws/install/training_pkg/share/training_pkg/hook/cmake_prefix_path.dsv'
[1.109s] INFO:colcon.colcon_core.shell:Creating environment hook '/home/r0bot/桌面/course/week2/ros2_ws/install/training_pkg/share/training_pkg/hook/cmake_prefix_path.sh'
[1.109s] Level 1:colcon.colcon_core.environment:checking '/home/r0bot/桌面/course/week2/ros2_ws/install/training_pkg/bin'
[1.109s] Level 1:colcon.colcon_core.environment:checking '/home/r0bot/桌面/course/week2/ros2_ws/install/training_pkg/lib/pkgconfig/training_pkg.pc'
[1.110s] Level 1:colcon.colcon_core.environment:checking '/home/r0bot/桌面/course/week2/ros2_ws/install/training_pkg/lib/python3.10/site-packages'
[1.110s] Level 1:colcon.colcon_core.environment:checking '/home/r0bot/桌面/course/week2/ros2_ws/install/training_pkg/bin'
[1.110s] INFO:colcon.colcon_core.shell:Creating package script '/home/r0bot/桌面/course/week2/ros2_ws/install/training_pkg/share/training_pkg/package.ps1'
[1.110s] INFO:colcon.colcon_core.shell:Creating package descriptor '/home/r0bot/桌面/course/week2/ros2_ws/install/training_pkg/share/training_pkg/package.dsv'
[1.110s] INFO:colcon.colcon_core.shell:Creating package script '/home/r0bot/桌面/course/week2/ros2_ws/install/training_pkg/share/training_pkg/package.sh'
[1.110s] INFO:colcon.colcon_core.shell:Creating package script '/home/r0bot/桌面/course/week2/ros2_ws/install/training_pkg/share/training_pkg/package.bash'
[1.111s] INFO:colcon.colcon_core.shell:Creating package script '/home/r0bot/桌面/course/week2/ros2_ws/install/training_pkg/share/training_pkg/package.zsh'
[1.111s] Level 1:colcon.colcon_core.environment:create_file_with_runtime_dependencies(/home/r0bot/桌面/course/week2/ros2_ws/install/training_pkg/share/colcon-core/packages/training_pkg)
[1.111s] DEBUG:colcon.colcon_parallel_executor.executor.parallel:closing loop
[1.111s] DEBUG:colcon.colcon_parallel_executor.executor.parallel:loop closed
[1.111s] DEBUG:colcon.colcon_parallel_executor.executor.parallel:run_until_complete finished with '0'
[1.111s] DEBUG:colcon.colcon_core.event_reactor:joining thread
[1.114s] INFO:colcon.colcon_core.plugin_system:Skipping extension 'colcon_notification.desktop_notification.terminal_notifier': Not used on non-Darwin systems
[1.114s] INFO:colcon.colcon_core.plugin_system:Skipping extension 'colcon_notification.desktop_notification.win32': Not used on non-Windows systems
[1.114s] INFO:colcon.colcon_notification.desktop_notification:Sending desktop notification using 'notify2'
[1.123s] DEBUG:colcon.colcon_core.event_reactor:joined thread
[1.123s] INFO:colcon.colcon_core.shell:Creating prefix script '/home/r0bot/桌面/course/week2/ros2_ws/install/local_setup.ps1'
[1.123s] INFO:colcon.colcon_core.shell:Creating prefix util module '/home/r0bot/桌面/course/week2/ros2_ws/install/_local_setup_util_ps1.py'
[1.124s] INFO:colcon.colcon_core.shell:Creating prefix chain script '/home/r0bot/桌面/course/week2/ros2_ws/install/setup.ps1'
[1.125s] INFO:colcon.colcon_core.shell:Creating prefix script '/home/r0bot/桌面/course/week2/ros2_ws/install/local_setup.sh'
[1.125s] INFO:colcon.colcon_core.shell:Creating prefix util module '/home/r0bot/桌面/course/week2/ros2_ws/install/_local_setup_util_sh.py'
[1.125s] INFO:colcon.colcon_core.shell:Creating prefix chain script '/home/r0bot/桌面/course/week2/ros2_ws/install/setup.sh'
[1.126s] INFO:colcon.colcon_core.shell:Creating prefix script '/home/r0bot/桌面/course/week2/ros2_ws/install/local_setup.bash'
[1.126s] INFO:colcon.colcon_core.shell:Creating prefix chain script '/home/r0bot/桌面/course/week2/ros2_ws/install/setup.bash'
[1.127s] INFO:colcon.colcon_core.shell:Creating prefix script '/home/r0bot/桌面/course/week2/ros2_ws/install/local_setup.zsh'
[1.127s] INFO:colcon.colcon_core.shell:Creating prefix chain script '/home/r0bot/桌面/course/week2/ros2_ws/install/setup.zsh'
