[0.006s] Invoking command in '/home/r0bot/桌面/course/week3/ros2_ws/build/armor_detect': CMAKE_PREFIX_PATH=${CMAKE_PREFIX_PATH}:/opt/ros/humble /usr/bin/cmake --build /home/r0bot/桌面/course/week3/ros2_ws/build/armor_detect -- -j32 -l32
[0.030s] [35m[1mConsolidate compiler generated dependencies of target armor_detector_lib[0m
[0.038s] [ 11%] Built target hsv_check
[0.038s] [ 22%] Built target video_player
[0.038s] [ 33%] Built target color_split
[0.039s] [ 38%] [32mBuilding CXX object CMakeFiles/armor_detector_lib.dir/src/armor_detector.cpp.o[0m
[0.039s] [ 50%] Built target extract_frames
[0.039s] [ 55%] [32mBuilding CXX object CMakeFiles/step4_lightbars.dir/src/step4_lightbars.cpp.o[0m
[0.039s] [ 66%] Built target hsv_scan
[0.881s] [ 72%] [32m[1mLinking CXX executable step4_lightbars[0m
[0.967s] [ 77%] [32m[1mLinking CXX static library libarmor_detector_lib.a[0m
[0.986s] [ 77%] Built target armor_detector_lib
[1.000s] [ 88%] [32m[1mLinking CXX executable video_processor[0m
[1.000s] [ 88%] [32m[1mLinking CXX executable diagnose[0m
[1.077s] [ 88%] Built target step4_lightbars
[1.220s] [ 94%] Built target video_processor
[1.232s] [100%] Built target diagnose
[1.238s] Invoked command in '/home/r0bot/桌面/course/week3/ros2_ws/build/armor_detect' returned '0': CMAKE_PREFIX_PATH=${CMAKE_PREFIX_PATH}:/opt/ros/humble /usr/bin/cmake --build /home/r0bot/桌面/course/week3/ros2_ws/build/armor_detect -- -j32 -l32
[1.244s] Invoking command in '/home/r0bot/桌面/course/week3/ros2_ws/build/armor_detect': CMAKE_PREFIX_PATH=${CMAKE_PREFIX_PATH}:/opt/ros/humble /usr/bin/cmake --install /home/r0bot/桌面/course/week3/ros2_ws/build/armor_detect
[1.250s] -- Install configuration: ""
[1.250s] -- Installing: /home/r0bot/桌面/course/week3/ros2_ws/install/armor_detect/lib/armor_detect/video_processor
[1.250s] -- Up-to-date: /home/r0bot/桌面/course/week3/ros2_ws/install/armor_detect/lib/armor_detect/color_split
[1.250s] -- Installing: /home/r0bot/桌面/course/week3/ros2_ws/install/armor_detect/lib/armor_detect/step4_lightbars
[1.250s] -- Up-to-date: /home/r0bot/桌面/course/week3/ros2_ws/install/armor_detect/lib/armor_detect/hsv_check
[1.251s] -- Up-to-date: /home/r0bot/桌面/course/week3/ros2_ws/install/armor_detect/lib/armor_detect/hsv_scan
[1.251s] -- Up-to-date: /home/r0bot/桌面/course/week3/ros2_ws/install/armor_detect/lib/armor_detect/video_player
[1.251s] -- Installing: /home/r0bot/桌面/course/week3/ros2_ws/install/armor_detect/lib/armor_detect/diagnose
[1.251s] -- Up-to-date: /home/r0bot/桌面/course/week3/ros2_ws/install/armor_detect/lib/armor_detect/extract_frames
[1.251s] -- Up-to-date: /home/r0bot/桌面/course/week3/ros2_ws/install/armor_detect/share/ament_index/resource_index/package_run_dependencies/armor_detect
[1.251s] -- Up-to-date: /home/r0bot/桌面/course/week3/ros2_ws/install/armor_detect/share/ament_index/resource_index/parent_prefix_path/armor_detect
[1.251s] -- Up-to-date: /home/r0bot/桌面/course/week3/ros2_ws/install/armor_detect/share/armor_detect/environment/ament_prefix_path.sh
[1.251s] -- Up-to-date: /home/r0bot/桌面/course/week3/ros2_ws/install/armor_detect/share/armor_detect/environment/ament_prefix_path.dsv
[1.251s] -- Up-to-date: /home/r0bot/桌面/course/week3/ros2_ws/install/armor_detect/share/armor_detect/environment/path.sh
[1.251s] -- Up-to-date: /home/r0bot/桌面/course/week3/ros2_ws/install/armor_detect/share/armor_detect/environment/path.dsv
[1.251s] -- Up-to-date: /home/r0bot/桌面/course/week3/ros2_ws/install/armor_detect/share/armor_detect/local_setup.bash
[1.251s] -- Up-to-date: /home/r0bot/桌面/course/week3/ros2_ws/install/armor_detect/share/armor_detect/local_setup.sh
[1.251s] -- Up-to-date: /home/r0bot/桌面/course/week3/ros2_ws/install/armor_detect/share/armor_detect/local_setup.zsh
[1.251s] -- Up-to-date: /home/r0bot/桌面/course/week3/ros2_ws/install/armor_detect/share/armor_detect/local_setup.dsv
[1.251s] -- Installing: /home/r0bot/桌面/course/week3/ros2_ws/install/armor_detect/share/armor_detect/package.dsv
[1.251s] -- Up-to-date: /home/r0bot/桌面/course/week3/ros2_ws/install/armor_detect/share/ament_index/resource_index/packages/armor_detect
[1.252s] -- Up-to-date: /home/r0bot/桌面/course/week3/ros2_ws/install/armor_detect/share/armor_detect/cmake/armor_detectConfig.cmake
[1.252s] -- Up-to-date: /home/r0bot/桌面/course/week3/ros2_ws/install/armor_detect/share/armor_detect/cmake/armor_detectConfig-version.cmake
[1.252s] -- Up-to-date: /home/r0bot/桌面/course/week3/ros2_ws/install/armor_detect/share/armor_detect/package.xml
[1.253s] Invoked command in '/home/r0bot/桌面/course/week3/ros2_ws/build/armor_detect' returned '0': CMAKE_PREFIX_PATH=${CMAKE_PREFIX_PATH}:/opt/ros/humble /usr/bin/cmake --install /home/r0bot/桌面/course/week3/ros2_ws/build/armor_detect
