[0.006s] Invoking command in '/home/r0bot/жЎҢйқў/course/week3/ros2_ws/build/armor_detect': CMAKE_PREFIX_PATH=${CMAKE_PREFIX_PATH}:/opt/ros/humble /usr/bin/cmake --build /home/r0bot/жЎҢйқў/course/week3/ros2_ws/build/armor_detect -- -j32 -l32
[0.038s] [ 50%] Built target color_split
[0.038s] [ 75%] [32mBuilding CXX object CMakeFiles/step4_lightbars.dir/src/step4_lightbars.cpp.o[0m
[0.571s] [01m[K/home/r0bot/жЎҢйқў/course/week3/ros2_ws/src/armor_detect/src/step4_lightbars.cpp:[m[K In function вҖҳ[01m[Kint main()[m[KвҖҷ:
[0.571s] [01m[K/home/r0bot/жЎҢйқў/course/week3/ros2_ws/src/armor_detect/src/step4_lightbars.cpp:60:17:[m[K [01;35m[Kwarning: [m[Kunused variable вҖҳ[01m[KMAX_ANGLE[m[KвҖҷ [[01;35m[K]8;;https://gcc.gnu.org/onlinedocs/gcc/Warning-Options.html#index-Wunused-variable-Wunused-variable]8;;[m[K]
[0.571s]    60 |     const float [01;35m[KMAX_ANGLE[m[K = 45.0f;          // зҒҜжқЎеҖҫж–ңи§’еәҰдёҠйҷҗпјҲеҸҜж №жҚ®е®һйҷ…жғ…еҶөж”ҫе®Ҫпјү
[0.571s]       |                 [01;35m[K^~~~~~~~~[m[K
[0.838s] [100%] [32m[1mLinking CXX executable step4_lightbars[0m
[1.015s] [100%] Built target step4_lightbars
[1.022s] Invoked command in '/home/r0bot/жЎҢйқў/course/week3/ros2_ws/build/armor_detect' returned '0': CMAKE_PREFIX_PATH=${CMAKE_PREFIX_PATH}:/opt/ros/humble /usr/bin/cmake --build /home/r0bot/жЎҢйқў/course/week3/ros2_ws/build/armor_detect -- -j32 -l32
[1.028s] Invoking command in '/home/r0bot/жЎҢйқў/course/week3/ros2_ws/build/armor_detect': CMAKE_PREFIX_PATH=${CMAKE_PREFIX_PATH}:/opt/ros/humble /usr/bin/cmake --install /home/r0bot/жЎҢйқў/course/week3/ros2_ws/build/armor_detect
[1.033s] -- Install configuration: ""
[1.033s] -- Up-to-date: /home/r0bot/жЎҢйқў/course/week3/ros2_ws/install/armor_detect/lib/armor_detect/color_split
[1.033s] -- Installing: /home/r0bot/жЎҢйқў/course/week3/ros2_ws/install/armor_detect/lib/armor_detect/step4_lightbars
[1.033s] -- Up-to-date: /home/r0bot/жЎҢйқў/course/week3/ros2_ws/install/armor_detect/share/ament_index/resource_index/package_run_dependencies/armor_detect
[1.033s] -- Up-to-date: /home/r0bot/жЎҢйқў/course/week3/ros2_ws/install/armor_detect/share/ament_index/resource_index/parent_prefix_path/armor_detect
[1.033s] -- Up-to-date: /home/r0bot/жЎҢйқў/course/week3/ros2_ws/install/armor_detect/share/armor_detect/environment/ament_prefix_path.sh
[1.033s] -- Up-to-date: /home/r0bot/жЎҢйқў/course/week3/ros2_ws/install/armor_detect/share/armor_detect/environment/ament_prefix_path.dsv
[1.034s] -- Up-to-date: /home/r0bot/жЎҢйқў/course/week3/ros2_ws/install/armor_detect/share/armor_detect/environment/path.sh
[1.034s] -- Up-to-date: /home/r0bot/жЎҢйқў/course/week3/ros2_ws/install/armor_detect/share/armor_detect/environment/path.dsv
[1.034s] -- Up-to-date: /home/r0bot/жЎҢйқў/course/week3/ros2_ws/install/armor_detect/share/armor_detect/local_setup.bash
[1.034s] -- Up-to-date: /home/r0bot/жЎҢйқў/course/week3/ros2_ws/install/armor_detect/share/armor_detect/local_setup.sh
[1.034s] -- Up-to-date: /home/r0bot/жЎҢйқў/course/week3/ros2_ws/install/armor_detect/share/armor_detect/local_setup.zsh
[1.034s] -- Up-to-date: /home/r0bot/жЎҢйқў/course/week3/ros2_ws/install/armor_detect/share/armor_detect/local_setup.dsv
[1.034s] -- Installing: /home/r0bot/жЎҢйқў/course/week3/ros2_ws/install/armor_detect/share/armor_detect/package.dsv
[1.034s] -- Up-to-date: /home/r0bot/жЎҢйқў/course/week3/ros2_ws/install/armor_detect/share/ament_index/resource_index/packages/armor_detect
[1.034s] -- Up-to-date: /home/r0bot/жЎҢйқў/course/week3/ros2_ws/install/armor_detect/share/armor_detect/cmake/armor_detectConfig.cmake
[1.034s] -- Up-to-date: /home/r0bot/жЎҢйқў/course/week3/ros2_ws/install/armor_detect/share/armor_detect/cmake/armor_detectConfig-version.cmake
[1.034s] -- Up-to-date: /home/r0bot/жЎҢйқў/course/week3/ros2_ws/install/armor_detect/share/armor_detect/package.xml
[1.035s] Invoked command in '/home/r0bot/жЎҢйқў/course/week3/ros2_ws/build/armor_detect' returned '0': CMAKE_PREFIX_PATH=${CMAKE_PREFIX_PATH}:/opt/ros/humble /usr/bin/cmake --install /home/r0bot/жЎҢйқў/course/week3/ros2_ws/build/armor_detect
