[0.006s] Invoking command in '/home/r0bot/桌面/course/week2/ros2_ws/build/training_pkg': CMAKE_PREFIX_PATH=${CMAKE_PREFIX_PATH}:/opt/ros/humble /usr/bin/cmake --build /home/r0bot/桌面/course/week2/ros2_ws/build/training_pkg -- -j32 -l32
[0.025s] -- Found ament_cmake: 1.3.14 (/opt/ros/humble/share/ament_cmake/cmake)
[0.099s] -- Found rclcpp: 16.0.19 (/opt/ros/humble/share/rclcpp/cmake)
[0.120s] -- Found rosidl_generator_c: 3.1.8 (/opt/ros/humble/share/rosidl_generator_c/cmake)
[0.122s] -- Found rosidl_adapter: 3.1.8 (/opt/ros/humble/share/rosidl_adapter/cmake)
[0.127s] -- Found rosidl_generator_cpp: 3.1.8 (/opt/ros/humble/share/rosidl_generator_cpp/cmake)
[0.133s] -- Using all available rosidl_typesupport_c: rosidl_typesupport_fastrtps_c;rosidl_typesupport_introspection_c
[0.142s] -- Using all available rosidl_typesupport_cpp: rosidl_typesupport_fastrtps_cpp;rosidl_typesupport_introspection_cpp
[0.163s] -- Found rmw_implementation_cmake: 6.1.2 (/opt/ros/humble/share/rmw_implementation_cmake/cmake)
[0.165s] -- Found rmw_fastrtps_cpp: 6.2.10 (/opt/ros/humble/share/rmw_fastrtps_cpp/cmake)
[0.228s] -- Using RMW implementation 'rmw_fastrtps_cpp' as default
[0.260s] -- Found ament_lint_auto: 0.12.15 (/opt/ros/humble/share/ament_lint_auto/cmake)
[0.300s] -- Added test 'cppcheck' to perform static code analysis on C / C++ code
[0.300s] -- Configured cppcheck include dirs: 
[0.300s] -- Configured cppcheck exclude dirs and/or files: 
[0.301s] -- Added test 'flake8' to check Python code syntax and style conventions
[0.301s] -- Added test 'lint_cmake' to check CMake code style
[0.301s] -- Added test 'pep257' to check Python code against some of the docstring style conventions in PEP 257
[0.302s] -- Added test 'uncrustify' to check C / C++ code style
[0.302s] -- Configured uncrustify additional arguments: 
[0.302s] -- Added test 'xmllint' to check XML markup files
[0.303s] -- Configuring done
[0.311s] -- Generating done
[0.313s] -- Build files have been written to: /home/r0bot/桌面/course/week2/ros2_ws/build/training_pkg
[0.329s] [35m[1mConsolidate compiler generated dependencies of target listener[0m
[0.330s] [35m[1mConsolidate compiler generated dependencies of target talker[0m
[0.339s] [ 50%] Built target listener
[0.340s] [100%] Built target talker
[0.347s] Invoked command in '/home/r0bot/桌面/course/week2/ros2_ws/build/training_pkg' returned '0': CMAKE_PREFIX_PATH=${CMAKE_PREFIX_PATH}:/opt/ros/humble /usr/bin/cmake --build /home/r0bot/桌面/course/week2/ros2_ws/build/training_pkg -- -j32 -l32
[0.352s] Invoking command in '/home/r0bot/桌面/course/week2/ros2_ws/build/training_pkg': CMAKE_PREFIX_PATH=${CMAKE_PREFIX_PATH}:/opt/ros/humble /usr/bin/cmake --install /home/r0bot/桌面/course/week2/ros2_ws/build/training_pkg
[0.356s] -- Install configuration: ""
[0.356s] -- Up-to-date: /home/r0bot/桌面/course/week2/ros2_ws/install/training_pkg/lib/training_pkg/talker
[0.356s] -- Up-to-date: /home/r0bot/桌面/course/week2/ros2_ws/install/training_pkg/lib/training_pkg/listener
[0.357s] -- Installing: /home/r0bot/桌面/course/week2/ros2_ws/install/training_pkg/share/training_pkg/launch
[0.357s] -- Installing: /home/r0bot/桌面/course/week2/ros2_ws/install/training_pkg/share/training_pkg/launch/talk_and_listen.launch.py
[0.357s] -- Installing: /home/r0bot/桌面/course/week2/ros2_ws/install/training_pkg/share/ament_index/resource_index/package_run_dependencies/training_pkg
[0.357s] -- Installing: /home/r0bot/桌面/course/week2/ros2_ws/install/training_pkg/share/ament_index/resource_index/parent_prefix_path/training_pkg
[0.357s] -- Up-to-date: /home/r0bot/桌面/course/week2/ros2_ws/install/training_pkg/share/training_pkg/environment/ament_prefix_path.sh
[0.357s] -- Installing: /home/r0bot/桌面/course/week2/ros2_ws/install/training_pkg/share/training_pkg/environment/ament_prefix_path.dsv
[0.357s] -- Up-to-date: /home/r0bot/桌面/course/week2/ros2_ws/install/training_pkg/share/training_pkg/environment/path.sh
[0.357s] -- Installing: /home/r0bot/桌面/course/week2/ros2_ws/install/training_pkg/share/training_pkg/environment/path.dsv
[0.357s] -- Up-to-date: /home/r0bot/桌面/course/week2/ros2_ws/install/training_pkg/share/training_pkg/local_setup.bash
[0.357s] -- Up-to-date: /home/r0bot/桌面/course/week2/ros2_ws/install/training_pkg/share/training_pkg/local_setup.sh
[0.357s] -- Up-to-date: /home/r0bot/桌面/course/week2/ros2_ws/install/training_pkg/share/training_pkg/local_setup.zsh
[0.357s] -- Installing: /home/r0bot/桌面/course/week2/ros2_ws/install/training_pkg/share/training_pkg/local_setup.dsv
[0.357s] -- Installing: /home/r0bot/桌面/course/week2/ros2_ws/install/training_pkg/share/training_pkg/package.dsv
[0.357s] -- Up-to-date: /home/r0bot/桌面/course/week2/ros2_ws/install/training_pkg/share/ament_index/resource_index/packages/training_pkg
[0.357s] -- Up-to-date: /home/r0bot/桌面/course/week2/ros2_ws/install/training_pkg/share/training_pkg/cmake/training_pkgConfig.cmake
[0.357s] -- Up-to-date: /home/r0bot/桌面/course/week2/ros2_ws/install/training_pkg/share/training_pkg/cmake/training_pkgConfig-version.cmake
[0.357s] -- Installing: /home/r0bot/桌面/course/week2/ros2_ws/install/training_pkg/share/training_pkg/package.xml
[0.359s] Invoked command in '/home/r0bot/桌面/course/week2/ros2_ws/build/training_pkg' returned '0': CMAKE_PREFIX_PATH=${CMAKE_PREFIX_PATH}:/opt/ros/humble /usr/bin/cmake --install /home/r0bot/桌面/course/week2/ros2_ws/build/training_pkg
