[0.006s] Invoking command in '/home/r0bot/桌面/course/week3/ros2_ws/build/armor_detect': CMAKE_PREFIX_PATH=${CMAKE_PREFIX_PATH}:/opt/ros/humble /usr/bin/cmake --build /home/r0bot/桌面/course/week3/ros2_ws/build/armor_detect -- -j32 -l32
[0.025s] -- Found ament_cmake: 1.3.14 (/opt/ros/humble/share/ament_cmake/cmake)
[0.101s] -- Found rclcpp: 16.0.19 (/opt/ros/humble/share/rclcpp/cmake)
[0.122s] -- Found rosidl_generator_c: 3.1.8 (/opt/ros/humble/share/rosidl_generator_c/cmake)
[0.124s] -- Found rosidl_adapter: 3.1.8 (/opt/ros/humble/share/rosidl_adapter/cmake)
[0.129s] -- Found rosidl_generator_cpp: 3.1.8 (/opt/ros/humble/share/rosidl_generator_cpp/cmake)
[0.136s] -- Using all available rosidl_typesupport_c: rosidl_typesupport_fastrtps_c;rosidl_typesupport_introspection_c
[0.144s] -- Using all available rosidl_typesupport_cpp: rosidl_typesupport_fastrtps_cpp;rosidl_typesupport_introspection_cpp
[0.166s] -- Found rmw_implementation_cmake: 6.1.2 (/opt/ros/humble/share/rmw_implementation_cmake/cmake)
[0.167s] -- Found rmw_fastrtps_cpp: 6.2.10 (/opt/ros/humble/share/rmw_fastrtps_cpp/cmake)
[0.232s] -- Using RMW implementation 'rmw_fastrtps_cpp' as default
[0.264s] -- Found sensor_msgs: 4.9.1 (/opt/ros/humble/share/sensor_msgs/cmake)
[0.282s] -- Found cv_bridge: 3.2.1 (/opt/ros/humble/share/cv_bridge/cmake)
[0.287s] -- Found ament_lint_auto: 0.12.15 (/opt/ros/humble/share/ament_lint_auto/cmake)
[0.329s] -- Added test 'cppcheck' to perform static code analysis on C / C++ code
[0.329s] -- Configured cppcheck include dirs: 
[0.329s] -- Configured cppcheck exclude dirs and/or files: 
[0.329s] -- Added test 'lint_cmake' to check CMake code style
[0.330s] -- Added test 'uncrustify' to check C / C++ code style
[0.330s] -- Configured uncrustify additional arguments: 
[0.330s] -- Added test 'xmllint' to check XML markup files
[0.331s] -- Configuring done
[0.343s] -- Generating done
[0.346s] -- Build files have been written to: /home/r0bot/桌面/course/week3/ros2_ws/build/armor_detect
[0.363s] [35m[1mConsolidate compiler generated dependencies of target color_split[0m
[0.363s] [35m[1mConsolidate compiler generated dependencies of target step4_lightbars[0m
[0.369s] [ 16%] [32mBuilding CXX object CMakeFiles/hsv_check.dir/src/hsv_check.cpp.o[0m
[0.371s] [ 83%] Built target color_split
[0.371s] [ 83%] Built target step4_lightbars
[0.374s] [01m[K/home/r0bot/桌面/course/week3/ros2_ws/src/armor_detect/src/hsv_check.cpp:2:1:[m[K [01;31m[Kerror: [m[K‘[01m[KMat[m[K’ does not name a type
[0.374s]     2 | [01;31m[KMat[m[K src_copy = src.clone();
[0.374s]       | [01;31m[K^~~[m[K
[0.374s] [01m[K/home/r0bot/桌面/course/week3/ros2_ws/src/armor_detect/src/hsv_check.cpp:3:1:[m[K [01;31m[Kerror: [m[K‘[01m[KMat[m[K’ does not name a type
[0.374s]     3 | [01;31m[KMat[m[K hsv_copy;
[0.374s]       | [01;31m[K^~~[m[K
[0.374s] [01m[K/home/r0bot/桌面/course/week3/ros2_ws/src/armor_detect/src/hsv_check.cpp:4:9:[m[K [01;31m[Kerror: [m[Kexpected constructor, destructor, or type conversion before ‘[01m[K([m[K’ token
[0.374s]     4 | cvtColor[01;31m[K([m[Ksrc, hsv_copy, COLOR_BGR2HSV);
[0.374s]       |         [01;31m[K^[m[K
[0.374s] [01m[K/home/r0bot/桌面/course/week3/ros2_ws/src/armor_detect/src/hsv_check.cpp:6:1:[m[K [01;31m[Kerror: [m[K‘[01m[Kcout[m[K’ does not name a type
[0.374s]     6 | [01;31m[Kcout[m[K << "请点击图片中的灯条区域，按 ESC 退出" << endl;
[0.374s]       | [01;31m[K^~~~[m[K
[0.374s] [01m[K/home/r0bot/桌面/course/week3/ros2_ws/src/armor_detect/src/hsv_check.cpp:7:12:[m[K [01;31m[Kerror: [m[Kexpected constructor, destructor, or type conversion before ‘[01m[K([m[K’ token
[0.374s]     7 | namedWindow[01;31m[K([m[K"取色", WINDOW_NORMAL);
[0.374s]       |            [01;31m[K^[m[K
[0.374s] [01m[K/home/r0bot/桌面/course/week3/ros2_ws/src/armor_detect/src/hsv_check.cpp:8:7:[m[K [01;31m[Kerror: [m[Kexpected constructor, destructor, or type conversion before ‘[01m[K([m[K’ token
[0.374s]     8 | imshow[01;31m[K([m[K"取色", src);
[0.374s]       |       [01;31m[K^[m[K
[0.374s] [01m[K/home/r0bot/桌面/course/week3/ros2_ws/src/armor_detect/src/hsv_check.cpp:11:16:[m[K [01;31m[Kerror: [m[K‘[01m[KMat[m[K’ does not name a type
[0.374s]    11 | struct Param { [01;31m[KMat[m[K* src; Mat* hsv; };
[0.374s]       |                [01;31m[K^~~[m[K
[0.375s] [01m[K/home/r0bot/桌面/course/week3/ros2_ws/src/armor_detect/src/hsv_check.cpp:11:26:[m[K [01;31m[Kerror: [m[K‘[01m[KMat[m[K’ does not name a type
[0.375s]    11 | struct Param { Mat* src; [01;31m[KMat[m[K* hsv; };
[0.375s]       |                          [01;31m[K^~~[m[K
[0.375s] [01m[K/home/r0bot/桌面/course/week3/ros2_ws/src/armor_detect/src/hsv_check.cpp:12:14:[m[K [01;31m[Kerror: [m[K‘[01m[Ksrc[m[K’ was not declared in this scope
[0.375s]    12 | Param param{&[01;31m[Ksrc[m[K, &hsv_copy};
[0.375s]       |              [01;31m[K^~~[m[K
[0.375s] [01m[K/home/r0bot/桌面/course/week3/ros2_ws/src/armor_detect/src/hsv_check.cpp:12:20:[m[K [01;31m[Kerror: [m[K‘[01m[Khsv_copy[m[K’ was not declared in this scope
[0.375s]    12 | Param param{&src, &[01;31m[Khsv_copy[m[K};
[0.375s]       |                    [01;31m[K^~~~~~~~[m[K
[0.375s] [01m[K/home/r0bot/桌面/course/week3/ros2_ws/src/armor_detect/src/hsv_check.cpp:[m[K In lambda function:
[0.375s] [01m[K/home/r0bot/桌面/course/week3/ros2_ws/src/armor_detect/src/hsv_check.cpp:14:18:[m[K [01;31m[Kerror: [m[K‘[01m[KEVENT_LBUTTONDOWN[m[K’ was not declared in this scope
[0.375s]    14 |     if (event == [01;31m[KEVENT_LBUTTONDOWN[m[K) {
[0.375s]       |                  [01;31m[K^~~~~~~~~~~~~~~~~[m[K
[0.376s] [01m[K/home/r0bot/桌面/course/week3/ros2_ws/src/armor_detect/src/hsv_check.cpp:16:9:[m[K [01;31m[Kerror: [m[K‘[01m[KVec3b[m[K’ was not declared in this scope
[0.376s]    16 |         [01;31m[KVec3b[m[K bgr = p->src->at<Vec3b>(y, x);
[0.376s]       |         [01;31m[K^~~~~[m[K
[0.376s] [01m[K/home/r0bot/桌面/course/week3/ros2_ws/src/armor_detect/src/hsv_check.cpp:17:9:[m[K [01;31m[Kerror: [m[K‘[01m[KMat[m[K’ was not declared in this scope
[0.376s]    17 |         [01;31m[KMat[m[K bgr_pixel(1,1,CV_8UC3, bgr);
[0.376s]       |         [01;31m[K^~~[m[K
[0.376s] [01m[K/home/r0bot/桌面/course/week3/ros2_ws/src/armor_detect/src/hsv_check.cpp:18:12:[m[K [01;31m[Kerror: [m[Kexpected ‘[01m[K;[m[K’ before ‘[01m[Khsv_pixel[m[K’
[0.376s]    18 |         Mat[01;31m[K [m[K[32m[Khsv_pixel[m[K;
[0.376s]       |            [01;31m[K^[m[K[32m[K~~~~~~~~~[m[K
[0.376s]       |            [32m[K;[m[K
[0.376s] [01m[K/home/r0bot/桌面/course/week3/ros2_ws/src/armor_detect/src/hsv_check.cpp:19:18:[m[K [01;31m[Kerror: [m[K‘[01m[Kbgr_pixel[m[K’ was not declared in this scope
[0.376s]    19 |         cvtColor([01;31m[Kbgr_pixel[m[K, hsv_pixel, COLOR_BGR2HSV);
[0.376s]       |                  [01;31m[K^~~~~~~~~[m[K
[0.376s] [01m[K/home/r0bot/桌面/course/week3/ros2_ws/src/armor_detect/src/hsv_check.cpp:19:29:[m[K [01;31m[Kerror: [m[K‘[01m[Khsv_pixel[m[K’ was not declared in this scope
[0.376s]    19 |         cvtColor(bgr_pixel, [01;31m[Khsv_pixel[m[K, COLOR_BGR2HSV);
[0.376s]       |                             [01;31m[K^~~~~~~~~[m[K
[0.377s] [01m[K/home/r0bot/桌面/course/week3/ros2_ws/src/armor_detect/src/hsv_check.cpp:19:40:[m[K [01;31m[Kerror: [m[K‘[01m[KCOLOR_BGR2HSV[m[K’ was not declared in this scope
[0.377s]    19 |         cvtColor(bgr_pixel, hsv_pixel, [01;31m[KCOLOR_BGR2HSV[m[K);
[0.377s]       |                                        [01;31m[K^~~~~~~~~~~~~[m[K
[0.377s] [01m[K/home/r0bot/桌面/course/week3/ros2_ws/src/armor_detect/src/hsv_check.cpp:19:9:[m[K [01;31m[Kerror: [m[K‘[01m[KcvtColor[m[K’ was not declared in this scope
[0.377s]    19 |         [01;31m[KcvtColor[m[K(bgr_pixel, hsv_pixel, COLOR_BGR2HSV);
[0.377s]       |         [01;31m[K^~~~~~~~[m[K
[0.377s] [01m[K/home/r0bot/桌面/course/week3/ros2_ws/src/armor_detect/src/hsv_check.cpp:20:14:[m[K [01;31m[Kerror: [m[Kexpected ‘[01m[K;[m[K’ before ‘[01m[Khsv[m[K’
[0.377s]    20 |         Vec3b[01;31m[K [m[K[32m[Khsv[m[K = hsv_pixel.at<Vec3b>(0,0);
[0.377s]       |              [01;31m[K^[m[K[32m[K~~~[m[K
[0.377s]       |              [32m[K;[m[K
[0.377s] [01m[K/home/r0bot/桌面/course/week3/ros2_ws/src/armor_detect/src/hsv_check.cpp:21:9:[m[K [01;31m[Kerror: [m[K‘[01m[Kcout[m[K’ was not declared in this scope
[0.377s]    21 |         [01;31m[Kcout[m[K << "坐标(" << x << "," << y << ")  BGR:("
[0.377s]       |         [01;31m[K^~~~[m[K
[0.378s] [01m[K/home/r0bot/桌面/course/week3/ros2_ws/src/armor_detect/src/hsv_check.cpp:22:22:[m[K [01;31m[Kerror: [m[K‘[01m[Kbgr[m[K’ was not declared in this scope
[0.378s]    22 |              << (int)[01;31m[Kbgr[m[K[0] << "," << (int)bgr[1] << "," << (int)bgr[2]
[0.378s]       |                      [01;31m[K^~~[m[K
[0.378s] [01m[K/home/r0bot/桌面/course/week3/ros2_ws/src/armor_detect/src/hsv_check.cpp:23:36:[m[K [01;31m[Kerror: [m[K‘[01m[Khsv[m[K’ was not declared in this scope
[0.378s]    23 |              << ")  HSV:(" << (int)[01;31m[Khsv[m[K[0] << "," << (int)hsv[1] << "," << (int)hsv[2] << ")" << endl;
[0.378s]       |                                    [01;31m[K^~~[m[K
[0.378s] [01m[K/home/r0bot/桌面/course/week3/ros2_ws/src/armor_detect/src/hsv_check.cpp:23:97:[m[K [01;31m[Kerror: [m[K‘[01m[Kendl[m[K’ was not declared in this scope
[0.378s]    23 |              << ")  HSV:(" << (int)hsv[0] << "," << (int)hsv[1] << "," << (int)hsv[2] << ")" << [01;31m[Kendl[m[K;
[0.378s]       |                                                                                                 [01;31m[K^~~~[m[K
[0.378s] [01m[K/home/r0bot/桌面/course/week3/ros2_ws/src/armor_detect/src/hsv_check.cpp:15:16:[m[K [01;35m[Kwarning: [m[Kunused variable ‘[01m[Kp[m[K’ [[01;35m[K]8;;https://gcc.gnu.org/onlinedocs/gcc/Warning-Options.html#index-Wunused-variable-Wunused-variable]8;;[m[K]
[0.378s]    15 |         Param* [01;35m[Kp[m[K = (Param*)userdata;
[0.378s]       |                [01;35m[K^[m[K
[0.378s] [01m[K/home/r0bot/桌面/course/week3/ros2_ws/src/armor_detect/src/hsv_check.cpp:[m[K At global scope:
[0.378s] [01m[K/home/r0bot/桌面/course/week3/ros2_ws/src/armor_detect/src/hsv_check.cpp:26:17:[m[K [01;31m[Kerror: [m[Kexpected constructor, destructor, or type conversion before ‘[01m[K([m[K’ token
[0.378s]    26 | setMouseCallback[01;31m[K([m[K"取色", onMouse, &param);
[0.378s]       |                 [01;31m[K^[m[K
[0.378s] [01m[K/home/r0bot/桌面/course/week3/ros2_ws/src/armor_detect/src/hsv_check.cpp:27:8:[m[K [01;31m[Kerror: [m[Kexpected constructor, destructor, or type conversion before ‘[01m[K([m[K’ token
[0.378s]    27 | waitKey[01;31m[K([m[K0);
[0.378s]       |        [01;31m[K^[m[K
[0.378s] [01m[K/home/r0bot/桌面/course/week3/ros2_ws/src/armor_detect/src/hsv_check.cpp:28:20:[m[K [01;31m[Kerror: [m[Kexpected constructor, destructor, or type conversion before ‘[01m[K;[m[K’ token
[0.378s]    28 | destroyAllWindows()[01;31m[K;[m[K
[0.378s]       |                    [01;31m[K^[m[K
[0.378s] [01m[K/home/r0bot/桌面/course/week3/ros2_ws/src/armor_detect/src/hsv_check.cpp:29:1:[m[K [01;31m[Kerror: [m[Kexpected unqualified-id before ‘[01m[Kreturn[m[K’
[0.378s]    29 | [01;31m[Kreturn[m[K 0;  // 取色完直接退出
[0.379s]       | [01;31m[K^~~~~~[m[K
[0.379s] gmake[2]: *** [CMakeFiles/hsv_check.dir/build.make:76：CMakeFiles/hsv_check.dir/src/hsv_check.cpp.o] 错误 1
[0.379s] gmake[1]: *** [CMakeFiles/Makefile2:193：CMakeFiles/hsv_check.dir/all] 错误 2
[0.379s] gmake: *** [Makefile:146：all] 错误 2
[0.381s] Invoked command in '/home/r0bot/桌面/course/week3/ros2_ws/build/armor_detect' returned '2': CMAKE_PREFIX_PATH=${CMAKE_PREFIX_PATH}:/opt/ros/humble /usr/bin/cmake --build /home/r0bot/桌面/course/week3/ros2_ws/build/armor_detect -- -j32 -l32
