[35m[1mConsolidate compiler generated dependencies of target step4_lightbars[0m
[ 25%] Built target hsv_scan
[ 50%] Built target hsv_check
[ 62%] [32mBuilding CXX object CMakeFiles/step4_lightbars.dir/src/step4_lightbars.cpp.o[0m
[ 87%] Built target color_split
[100%] [32m[1mLinking CXX executable step4_lightbars[0m
[100%] Built target step4_lightbars
-- Install configuration: ""
-- Up-to-date: /home/r0bot/桌面/course/week3/ros2_ws/install/armor_detect/lib/armor_detect/color_split
-- Installing: /home/r0bot/桌面/course/week3/ros2_ws/install/armor_detect/lib/armor_detect/step4_lightbars
-- Up-to-date: /home/r0bot/桌面/course/week3/ros2_ws/install/armor_detect/lib/armor_detect/hsv_check
-- Up-to-date: /home/r0bot/桌面/course/week3/ros2_ws/install/armor_detect/lib/armor_detect/hsv_scan
-- Up-to-date: /home/r0bot/桌面/course/week3/ros2_ws/install/armor_detect/share/ament_index/resource_index/package_run_dependencies/armor_detect
-- Up-to-date: /home/r0bot/桌面/course/week3/ros2_ws/install/armor_detect/share/ament_index/resource_index/parent_prefix_path/armor_detect
-- Up-to-date: /home/r0bot/桌面/course/week3/ros2_ws/install/armor_detect/share/armor_detect/environment/ament_prefix_path.sh
-- Up-to-date: /home/r0bot/桌面/course/week3/ros2_ws/install/armor_detect/share/armor_detect/environment/ament_prefix_path.dsv
-- Up-to-date: /home/r0bot/桌面/course/week3/ros2_ws/install/armor_detect/share/armor_detect/environment/path.sh
-- Up-to-date: /home/r0bot/桌面/course/week3/ros2_ws/install/armor_detect/share/armor_detect/environment/path.dsv
-- Up-to-date: /home/r0bot/桌面/course/week3/ros2_ws/install/armor_detect/share/armor_detect/local_setup.bash
-- Up-to-date: /home/r0bot/桌面/course/week3/ros2_ws/install/armor_detect/share/armor_detect/local_setup.sh
-- Up-to-date: /home/r0bot/桌面/course/week3/ros2_ws/install/armor_detect/share/armor_detect/local_setup.zsh
-- Up-to-date: /home/r0bot/桌面/course/week3/ros2_ws/install/armor_detect/share/armor_detect/local_setup.dsv
-- Installing: /home/r0bot/桌面/course/week3/ros2_ws/install/armor_detect/share/armor_detect/package.dsv
-- Up-to-date: /home/r0bot/桌面/course/week3/ros2_ws/install/armor_detect/share/ament_index/resource_index/packages/armor_detect
-- Up-to-date: /home/r0bot/桌面/course/week3/ros2_ws/install/armor_detect/share/armor_detect/cmake/armor_detectConfig.cmake
-- Up-to-date: /home/r0bot/桌面/course/week3/ros2_ws/install/armor_detect/share/armor_detect/cmake/armor_detectConfig-version.cmake
-- Up-to-date: /home/r0bot/桌面/course/week3/ros2_ws/install/armor_detect/share/armor_detect/package.xml
