[0.006s] Invoking command in '/home/r0bot/桌面/course/week3/ros2_ws/build/armor_detect': CMAKE_PREFIX_PATH=${CMAKE_PREFIX_PATH}:/opt/ros/humble /usr/bin/cmake --build /home/r0bot/桌面/course/week3/ros2_ws/build/armor_detect -- -j32 -l32
[0.031s] [35m[1mConsolidate compiler generated dependencies of target step4_lightbars[0m
[0.038s] [ 25%] Built target color_split
[0.039s] [ 37%] [32mBuilding CXX object CMakeFiles/step4_lightbars.dir/src/step4_lightbars.cpp.o[0m
[0.039s] [ 62%] Built target hsv_scan
[0.040s] [ 87%] Built target hsv_check
[0.580s] [01m[K/home/r0bot/桌面/course/week3/ros2_ws/src/armor_detect/src/step4_lightbars.cpp:[m[K In function ‘[01m[Kint main()[m[K’:
[0.580s] [01m[K/home/r0bot/桌面/course/week3/ros2_ws/src/armor_detect/src/step4_lightbars.cpp:132:32:[m[K [01;31m[Kerror: [m[K‘[01m[Kbars[m[K’ was not declared in this scope; did you mean ‘[01m[Kbar[m[K’?
[0.580s]   132 |         for (const auto& bar : [01;31m[Kbars[m[K) {
[0.580s]       |                                [01;31m[K^~~~[m[K
[0.580s]       |                                [32m[Kbar[m[K
[0.582s] [01m[K/home/r0bot/桌面/course/week3/ros2_ws/src/armor_detect/src/step4_lightbars.cpp:136:22:[m[K [01;31m[Kerror: [m[K‘[01m[KdrawImg[m[K’ was not declared in this scope
[0.582s]   136 |                 line([01;31m[KdrawImg[m[K, vertices[i], vertices[(i+1)%4], Scalar(255, 0, 0), 2);
[0.582s]       |                      [01;31m[K^~~~~~~[m[K
[0.583s] [01m[K/home/r0bot/桌面/course/week3/ros2_ws/src/armor_detect/src/step4_lightbars.cpp:137:20:[m[K [01;31m[Kerror: [m[K‘[01m[KdrawImg[m[K’ was not declared in this scope
[0.583s]   137 |             circle([01;31m[KdrawImg[m[K, bar.center, 3, Scalar(0, 255, 255), -1);
[0.583s]       |                    [01;31m[K^~~~~~~[m[K
[0.585s] [01m[K/home/r0bot/桌面/course/week3/ros2_ws/src/armor_detect/src/step4_lightbars.cpp:141:17:[m[K [01;31m[Kerror: [m[K‘[01m[KdrawImg[m[K’ was not declared in this scope
[0.585s]   141 |         putText([01;31m[KdrawImg[m[K, colorName + " LightBars: " + to_string(bars.size()),
[0.585s]       |                 [01;31m[K^~~~~~~[m[K
[0.587s] [01m[K/home/r0bot/桌面/course/week3/ros2_ws/src/armor_detect/src/step4_lightbars.cpp:141:26:[m[K [01;31m[Kerror: [m[K‘[01m[KcolorName[m[K’ was not declared in this scope
[0.587s]   141 |         putText(drawImg, [01;31m[KcolorName[m[K + " LightBars: " + to_string(bars.size()),
[0.587s]       |                          [01;31m[K^~~~~~~~~[m[K
[0.588s] [01m[K/home/r0bot/桌面/course/week3/ros2_ws/src/armor_detect/src/step4_lightbars.cpp:141:65:[m[K [01;31m[Kerror: [m[K‘[01m[Kbars[m[K’ was not declared in this scope
[0.588s]   141 |         putText(drawImg, colorName + " LightBars: " + to_string([01;31m[Kbars[m[K.size()),
[0.588s]       |                                                                 [01;31m[K^~~~[m[K
[0.589s] [01m[K/home/r0bot/桌面/course/week3/ros2_ws/src/armor_detect/src/step4_lightbars.cpp:[m[K At global scope:
[0.589s] [01m[K/home/r0bot/桌面/course/week3/ros2_ws/src/armor_detect/src/step4_lightbars.cpp:148:20:[m[K [01;31m[Kerror: [m[K‘[01m[Ksrc[m[K’ was not declared in this scope
[0.589s]   148 |     Mat draw_red = [01;31m[Ksrc[m[K.clone();
[0.589s]       |                    [01;31m[K^~~[m[K
[0.590s] [01m[K/home/r0bot/桌面/course/week3/ros2_ws/src/armor_detect/src/step4_lightbars.cpp:149:21:[m[K [01;31m[Kerror: [m[K‘[01m[Ksrc[m[K’ was not declared in this scope
[0.590s]   149 |     Mat draw_blue = [01;31m[Ksrc[m[K.clone();
[0.590s]       |                     [01;31m[K^~~[m[K
[0.592s] [01m[K/home/r0bot/桌面/course/week3/ros2_ws/src/armor_detect/src/step4_lightbars.cpp:151:45:[m[K [01;31m[Kerror: [m[K‘[01m[Kmask_red[m[K’ was not declared in this scope
[0.592s]   151 |     vector<LightBar> redBars = processColor([01;31m[Kmask_red[m[K, "Red", draw_red);
[0.592s]       |                                             [01;31m[K^~~~~~~~[m[K
[0.593s] [01m[K/home/r0bot/桌面/course/week3/ros2_ws/src/armor_detect/src/step4_lightbars.cpp:151:32:[m[K [01;31m[Kerror: [m[K‘[01m[KprocessColor[m[K’ was not declared in this scope
[0.593s]   151 |     vector<LightBar> redBars = [01;31m[KprocessColor[m[K(mask_red, "Red", draw_red);
[0.593s]       |                                [01;31m[K^~~~~~~~~~~~[m[K
[0.595s] [01m[K/home/r0bot/桌面/course/week3/ros2_ws/src/armor_detect/src/step4_lightbars.cpp:152:46:[m[K [01;31m[Kerror: [m[K‘[01m[Kmask_blue[m[K’ was not declared in this scope
[0.595s]   152 |     vector<LightBar> blueBars = processColor([01;31m[Kmask_blue[m[K, "Blue", draw_blue);
[0.595s]       |                                              [01;31m[K^~~~~~~~~[m[K
[0.596s] [01m[K/home/r0bot/桌面/course/week3/ros2_ws/src/armor_detect/src/step4_lightbars.cpp:152:33:[m[K [01;31m[Kerror: [m[K‘[01m[KprocessColor[m[K’ was not declared in this scope
[0.597s]   152 |     vector<LightBar> blueBars = [01;31m[KprocessColor[m[K(mask_blue, "Blue", draw_blue);
[0.597s]       |                                 [01;31m[K^~~~~~~~~~~~[m[K
[0.597s] [01m[K/home/r0bot/桌面/course/week3/ros2_ws/src/armor_detect/src/step4_lightbars.cpp:155:12:[m[K [01;31m[Kerror: [m[Kexpected constructor, destructor, or type conversion before ‘[01m[K([m[K’ token
[0.597s]   155 |     imwrite[01;31m[K([m[Kassets + "step4_lightbars_red.jpg", draw_red);
[0.597s]       |            [01;31m[K^[m[K
[0.597s] [01m[K/home/r0bot/桌面/course/week3/ros2_ws/src/armor_detect/src/step4_lightbars.cpp:156:12:[m[K [01;31m[Kerror: [m[Kexpected constructor, destructor, or type conversion before ‘[01m[K([m[K’ token
[0.597s]   156 |     imwrite[01;31m[K([m[Kassets + "step4_lightbars_blue.jpg", draw_blue);
[0.597s]       |            [01;31m[K^[m[K
[0.597s] [01m[K/home/r0bot/桌面/course/week3/ros2_ws/src/armor_detect/src/step4_lightbars.cpp:158:5:[m[K [01;31m[Kerror: [m[K‘[01m[Kcout[m[K’ does not name a type
[0.597s]   158 |     [01;31m[Kcout[m[K << "红色灯条候选数: " << redBars.size() << endl;
[0.597s]       |     [01;31m[K^~~~[m[K
[0.597s] [01m[K/home/r0bot/桌面/course/week3/ros2_ws/src/armor_detect/src/step4_lightbars.cpp:159:5:[m[K [01;31m[Kerror: [m[K‘[01m[Kcout[m[K’ does not name a type
[0.597s]   159 |     [01;31m[Kcout[m[K << "蓝色灯条候选数: " << blueBars.size() << endl;
[0.597s]       |     [01;31m[K^~~~[m[K
[0.598s] [01m[K/home/r0bot/桌面/course/week3/ros2_ws/src/armor_detect/src/step4_lightbars.cpp:160:5:[m[K [01;31m[Kerror: [m[K‘[01m[Kcout[m[K’ does not name a type
[0.598s]   160 |     [01;31m[Kcout[m[K << "灯条筛选结果已保存" << endl;
[0.598s]       |     [01;31m[K^~~~[m[K
[0.598s] [01m[K/home/r0bot/桌面/course/week3/ros2_ws/src/armor_detect/src/step4_lightbars.cpp:163:11:[m[K [01;31m[Kerror: [m[Kexpected constructor, destructor, or type conversion before ‘[01m[K([m[K’ token
[0.598s]   163 |     imshow[01;31m[K([m[K"Red LightBars", draw_red);
[0.598s]       |           [01;31m[K^[m[K
[0.598s] [01m[K/home/r0bot/桌面/course/week3/ros2_ws/src/armor_detect/src/step4_lightbars.cpp:164:11:[m[K [01;31m[Kerror: [m[Kexpected constructor, destructor, or type conversion before ‘[01m[K([m[K’ token
[0.598s]   164 |     imshow[01;31m[K([m[K"Blue LightBars", draw_blue);
[0.598s]       |           [01;31m[K^[m[K
[0.598s] [01m[K/home/r0bot/桌面/course/week3/ros2_ws/src/armor_detect/src/step4_lightbars.cpp:165:12:[m[K [01;31m[Kerror: [m[Kexpected constructor, destructor, or type conversion before ‘[01m[K([m[K’ token
[0.598s]   165 |     waitKey[01;31m[K([m[K0);
[0.598s]       |            [01;31m[K^[m[K
[0.598s] [01m[K/home/r0bot/桌面/course/week3/ros2_ws/src/armor_detect/src/step4_lightbars.cpp:167:5:[m[K [01;31m[Kerror: [m[Kexpected unqualified-id before ‘[01m[Kreturn[m[K’
[0.598s]   167 |     [01;31m[Kreturn[m[K 0;
[0.598s]       |     [01;31m[K^~~~~~[m[K
[0.598s] [01m[K/home/r0bot/桌面/course/week3/ros2_ws/src/armor_detect/src/step4_lightbars.cpp:168:1:[m[K [01;31m[Kerror: [m[Kexpected declaration before ‘[01m[K}[m[K’ token
[0.598s]   168 | [01;31m[K}[m[K
[0.598s]       | [01;31m[K^[m[K
[0.809s] gmake[2]: *** [CMakeFiles/step4_lightbars.dir/build.make:76：CMakeFiles/step4_lightbars.dir/src/step4_lightbars.cpp.o] 错误 1
[0.809s] gmake[1]: *** [CMakeFiles/Makefile2:169：CMakeFiles/step4_lightbars.dir/all] 错误 2
[0.809s] gmake: *** [Makefile:146：all] 错误 2
[0.812s] Invoked command in '/home/r0bot/桌面/course/week3/ros2_ws/build/armor_detect' returned '2': CMAKE_PREFIX_PATH=${CMAKE_PREFIX_PATH}:/opt/ros/humble /usr/bin/cmake --build /home/r0bot/桌面/course/week3/ros2_ws/build/armor_detect -- -j32 -l32
