[0.006s] Invoking command in '/home/r0bot/桌面/course/week3/ros2_ws/build/armor_detect': CMAKE_PREFIX_PATH=${CMAKE_PREFIX_PATH}:/opt/ros/humble /usr/bin/cmake --build /home/r0bot/桌面/course/week3/ros2_ws/build/armor_detect -- -j32 -l32
[0.020s] -- Found ament_cmake: 1.3.14 (/opt/ros/humble/share/ament_cmake/cmake)
[0.086s] -- Found rclcpp: 16.0.19 (/opt/ros/humble/share/rclcpp/cmake)
[0.100s] -- Found rosidl_generator_c: 3.1.8 (/opt/ros/humble/share/rosidl_generator_c/cmake)
[0.101s] -- Found rosidl_adapter: 3.1.8 (/opt/ros/humble/share/rosidl_adapter/cmake)
[0.104s] -- Found rosidl_generator_cpp: 3.1.8 (/opt/ros/humble/share/rosidl_generator_cpp/cmake)
[0.109s] -- Using all available rosidl_typesupport_c: rosidl_typesupport_fastrtps_c;rosidl_typesupport_introspection_c
[0.115s] -- Using all available rosidl_typesupport_cpp: rosidl_typesupport_fastrtps_cpp;rosidl_typesupport_introspection_cpp
[0.130s] -- Found rmw_implementation_cmake: 6.1.2 (/opt/ros/humble/share/rmw_implementation_cmake/cmake)
[0.131s] -- Found rmw_fastrtps_cpp: 6.2.10 (/opt/ros/humble/share/rmw_fastrtps_cpp/cmake)
[0.189s] -- Using RMW implementation 'rmw_fastrtps_cpp' as default
[0.214s] -- Found sensor_msgs: 4.9.1 (/opt/ros/humble/share/sensor_msgs/cmake)
[0.228s] -- Found cv_bridge: 3.2.1 (/opt/ros/humble/share/cv_bridge/cmake)
[0.232s] -- Found ament_lint_auto: 0.12.15 (/opt/ros/humble/share/ament_lint_auto/cmake)
[0.271s] -- Added test 'cppcheck' to perform static code analysis on C / C++ code
[0.271s] -- Configured cppcheck include dirs: /home/r0bot/桌面/course/week3/ros2_ws/src/armor_detect/include
[0.271s] -- Configured cppcheck exclude dirs and/or files: 
[0.272s] -- Added test 'lint_cmake' to check CMake code style
[0.272s] -- Added test 'uncrustify' to check C / C++ code style
[0.272s] -- Configured uncrustify additional arguments: 
[0.272s] -- Added test 'xmllint' to check XML markup files
[0.273s] -- Configuring done
[0.289s] -- Generating done
[0.295s] -- Build files have been written to: /home/r0bot/桌面/course/week3/ros2_ws/build/armor_detect
[0.311s] [35m[1mConsolidate compiler generated dependencies of target step4_lightbars[0m
[0.311s] [35m[1mConsolidate compiler generated dependencies of target step5_armor[0m
[0.311s] [35m[1mConsolidate compiler generated dependencies of target hsv_scan[0m
[0.312s] [35m[1mConsolidate compiler generated dependencies of target hsv_check[0m
[0.312s] [35m[1mConsolidate compiler generated dependencies of target color_split[0m
[0.312s] [35m[1mConsolidate compiler generated dependencies of target video_player[0m
[0.316s] [  6%] [32mBuilding CXX object CMakeFiles/armor_detector_lib.dir/src/armor_detector.cpp.o[0m
[0.319s] [ 12%] [32mBuilding CXX object CMakeFiles/step4_lightbars.dir/src/step4_lightbars.cpp.o[0m
[0.319s] [ 18%] [32mBuilding CXX object CMakeFiles/step5_armor.dir/src/step5_armor.cpp.o[0m
[0.320s] [ 31%] [32mBuilding CXX object CMakeFiles/hsv_scan.dir/src/hsv_scan.cpp.o[0m
[0.320s] [ 31%] [32mBuilding CXX object CMakeFiles/hsv_check.dir/src/hsv_check.cpp.o[0m
[0.320s] [ 37%] [32mBuilding CXX object CMakeFiles/color_split.dir/src/color_split.cpp.o[0m
[0.320s] [ 43%] [32mBuilding CXX object CMakeFiles/video_player.dir/src/video_player.cpp.o[0m
[1.234s] [ 50%] [32m[1mLinking CXX executable hsv_check[0m
[1.239s] [ 56%] [32m[1mLinking CXX executable video_player[0m
[1.277s] [ 62%] [32m[1mLinking CXX executable hsv_scan[0m
[1.285s] [ 68%] [32m[1mLinking CXX executable step4_lightbars[0m
[1.290s] [ 75%] [32m[1mLinking CXX executable color_split[0m
[1.366s] [ 81%] [32m[1mLinking CXX executable step5_armor[0m
[1.376s] [ 87%] [32m[1mLinking CXX static library libarmor_detector_lib.a[0m
[1.402s] [ 87%] Built target armor_detector_lib
[1.418s] [ 93%] [32mBuilding CXX object CMakeFiles/video_processor.dir/src/video_processor.cpp.o[0m
[1.510s] [ 93%] Built target hsv_check
[1.544s] [ 93%] Built target video_player
[1.549s] [ 93%] Built target hsv_scan
[1.576s] [ 93%] Built target step4_lightbars
[1.624s] [ 93%] Built target color_split
[1.625s] [ 93%] Built target step5_armor
[1.991s] [01m[K/home/r0bot/桌面/course/week3/ros2_ws/src/armor_detect/src/video_processor.cpp:[m[K In function ‘[01m[Kint main()[m[K’:
[1.991s] [01m[K/home/r0bot/桌面/course/week3/ros2_ws/src/armor_detect/src/video_processor.cpp:35:20:[m[K [01;31m[Kerror: [m[Kcould not convert ‘[01m[Kcap.cv::VideoCapture::operator>>(frame)[m[K’ from ‘[01m[Kcv::VideoCapture[m[K’ to ‘[01m[Kbool[m[K’
[1.991s]    35 |         while ([01;31m[Kcap >> frame[m[K) {
[1.991s]       |                [01;31m[K~~~~^~~~~~~~[m[K
[1.991s]       |                    [01;31m[K|[m[K
[1.991s]       |                    [01;31m[Kcv::VideoCapture[m[K
[2.200s] gmake[2]: *** [CMakeFiles/video_processor.dir/build.make:76：CMakeFiles/video_processor.dir/src/video_processor.cpp.o] 错误 1
[2.200s] gmake[1]: *** [CMakeFiles/Makefile2:177：CMakeFiles/video_processor.dir/all] 错误 2
[2.200s] gmake: *** [Makefile:146：all] 错误 2
[2.203s] Invoked command in '/home/r0bot/桌面/course/week3/ros2_ws/build/armor_detect' returned '2': CMAKE_PREFIX_PATH=${CMAKE_PREFIX_PATH}:/opt/ros/humble /usr/bin/cmake --build /home/r0bot/桌面/course/week3/ros2_ws/build/armor_detect -- -j32 -l32
