[0.006s] Invoking command in '/home/r0bot/桌面/course/week3/ros2_ws/build/armor_detect': CMAKE_PREFIX_PATH=${CMAKE_PREFIX_PATH}:/opt/ros/humble /usr/bin/cmake --build /home/r0bot/桌面/course/week3/ros2_ws/build/armor_detect -- -j32 -l32
[0.020s] -- Found ament_cmake: 1.3.14 (/opt/ros/humble/share/ament_cmake/cmake)
[0.084s] -- Found rclcpp: 16.0.19 (/opt/ros/humble/share/rclcpp/cmake)
[0.099s] -- Found rosidl_generator_c: 3.1.8 (/opt/ros/humble/share/rosidl_generator_c/cmake)
[0.100s] -- Found rosidl_adapter: 3.1.8 (/opt/ros/humble/share/rosidl_adapter/cmake)
[0.103s] -- Found rosidl_generator_cpp: 3.1.8 (/opt/ros/humble/share/rosidl_generator_cpp/cmake)
[0.108s] -- Using all available rosidl_typesupport_c: rosidl_typesupport_fastrtps_c;rosidl_typesupport_introspection_c
[0.114s] -- Using all available rosidl_typesupport_cpp: rosidl_typesupport_fastrtps_cpp;rosidl_typesupport_introspection_cpp
[0.130s] -- Found rmw_implementation_cmake: 6.1.2 (/opt/ros/humble/share/rmw_implementation_cmake/cmake)
[0.130s] -- Found rmw_fastrtps_cpp: 6.2.10 (/opt/ros/humble/share/rmw_fastrtps_cpp/cmake)
[0.190s] -- Using RMW implementation 'rmw_fastrtps_cpp' as default
[0.215s] -- Found sensor_msgs: 4.9.1 (/opt/ros/humble/share/sensor_msgs/cmake)
[0.229s] -- Found cv_bridge: 3.2.1 (/opt/ros/humble/share/cv_bridge/cmake)
[0.234s] -- Found ament_lint_auto: 0.12.15 (/opt/ros/humble/share/ament_lint_auto/cmake)
[0.271s] -- Added test 'cppcheck' to perform static code analysis on C / C++ code
[0.271s] -- Configured cppcheck include dirs: 
[0.271s] -- Configured cppcheck exclude dirs and/or files: 
[0.271s] -- Added test 'lint_cmake' to check CMake code style
[0.271s] -- Added test 'uncrustify' to check C / C++ code style
[0.272s] -- Configured uncrustify additional arguments: 
[0.272s] -- Added test 'xmllint' to check XML markup files
[0.272s] -- Configuring done
[0.283s] -- Generating done
[0.287s] -- Build files have been written to: /home/r0bot/桌面/course/week3/ros2_ws/build/armor_detect
[0.305s] [35m[1mConsolidate compiler generated dependencies of target color_split[0m
[0.305s] [35m[1mConsolidate compiler generated dependencies of target hsv_check[0m
[0.306s] [35m[1mConsolidate compiler generated dependencies of target step4_lightbars[0m
[0.312s] [ 12%] [32mBuilding CXX object CMakeFiles/hsv_scan.dir/src/hsv_scan.cpp.o[0m
[0.314s] [ 50%] Built target color_split
[0.314s] [ 62%] Built target hsv_check
[0.314s] [ 75%] [32mBuilding CXX object CMakeFiles/step4_lightbars.dir/src/step4_lightbars.cpp.o[0m
[0.875s] [01m[K/home/r0bot/桌面/course/week3/ros2_ws/src/armor_detect/src/step4_lightbars.cpp:[m[K In function ‘[01m[Kint main()[m[K’:
[0.875s] [01m[K/home/r0bot/桌面/course/week3/ros2_ws/src/armor_detect/src/step4_lightbars.cpp:36:24:[m[K [01;31m[Kerror: [m[Kexpected primary-expression before ‘[01m[K([m[K’ token
[0.876s]    36 |     inRange(hsv, Scalar[01;31m[K([m[K150, 20 100), Scalar(180, 255, 255), mask_red2);
[0.876s]       |                        [01;31m[K^[m[K
[0.876s] [01m[K/home/r0bot/桌面/course/week3/ros2_ws/src/armor_detect/src/step4_lightbars.cpp:36:32:[m[K [01;31m[Kerror: [m[Kexpected ‘[01m[K)[m[K’ before numeric constant
[0.876s]    36 |     inRange(hsv, Scalar[34m[K([m[K150, 20[01;31m[K [m[K[32m[K100[m[K), Scalar(180, 255, 255), mask_red2);
[0.876s]       |                        [34m[K~[m[K       [01;31m[K^[m[K[32m[K~~~[m[K
[0.876s]       |                                [32m[K)[m[K
[0.876s] [01m[K/home/r0bot/桌面/course/week3/ros2_ws/src/armor_detect/src/step4_lightbars.cpp:40:24:[m[K [01;31m[Kerror: [m[Kexpected primary-expression before ‘[01m[K([m[K’ token
[0.876s]    40 |     inRange(hsv, Scalar[01;31m[K([m[K80,30 100), Scalar(115, 255, 255), mask_blue);
[0.876s]       |                        [01;31m[K^[m[K
[0.876s] [01m[K/home/r0bot/桌面/course/week3/ros2_ws/src/armor_detect/src/step4_lightbars.cpp:40:30:[m[K [01;31m[Kerror: [m[Kexpected ‘[01m[K)[m[K’ before numeric constant
[0.876s]    40 |     inRange(hsv, Scalar[34m[K([m[K80,30[01;31m[K [m[K[32m[K100[m[K), Scalar(115, 255, 255), mask_blue);
[0.876s]       |                        [34m[K~[m[K     [01;31m[K^[m[K[32m[K~~~[m[K
[0.876s]       |                              [32m[K)[m[K
[1.097s] gmake[2]: *** [CMakeFiles/step4_lightbars.dir/build.make:76：CMakeFiles/step4_lightbars.dir/src/step4_lightbars.cpp.o] 错误 1
[1.097s] gmake[1]: *** [CMakeFiles/Makefile2:169：CMakeFiles/step4_lightbars.dir/all] 错误 2
[1.097s] gmake[1]: *** 正在等待未完成的任务....
[1.130s] [ 87%] [32m[1mLinking CXX executable hsv_scan[0m
[1.303s] [ 87%] Built target hsv_scan
[1.303s] gmake: *** [Makefile:146：all] 错误 2
[1.305s] Invoked command in '/home/r0bot/桌面/course/week3/ros2_ws/build/armor_detect' returned '2': CMAKE_PREFIX_PATH=${CMAKE_PREFIX_PATH}:/opt/ros/humble /usr/bin/cmake --build /home/r0bot/桌面/course/week3/ros2_ws/build/armor_detect -- -j32 -l32
