[ 12%] Built target armor_detector_lib
[ 25%] Built target step4_lightbars
[ 37%] Built target color_split
[ 43%] [32mBuilding CXX object CMakeFiles/video_player.dir/src/video_player.cpp.o[0m
[ 62%] Built target hsv_scan
[ 68%] Built target hsv_check
[ 81%] Built target step5_armor
[ 93%] Built target video_processor
[100%] [32m[1mLinking CXX executable video_player[0m
[100%] Built target video_player
-- Install configuration: ""
-- Up-to-date: /home/r0bot/桌面/course/week3/ros2_ws/install/armor_detect/lib/armor_detect/video_processor
-- Up-to-date: /home/r0bot/桌面/course/week3/ros2_ws/install/armor_detect/lib/armor_detect/color_split
-- Up-to-date: /home/r0bot/桌面/course/week3/ros2_ws/install/armor_detect/lib/armor_detect/step4_lightbars
-- Up-to-date: /home/r0bot/桌面/course/week3/ros2_ws/install/armor_detect/lib/armor_detect/hsv_check
-- Up-to-date: /home/r0bot/桌面/course/week3/ros2_ws/install/armor_detect/lib/armor_detect/hsv_scan
-- Up-to-date: /home/r0bot/桌面/course/week3/ros2_ws/install/armor_detect/lib/armor_detect/step5_armor
-- Installing: /home/r0bot/桌面/course/week3/ros2_ws/install/armor_detect/lib/armor_detect/video_player
-- Up-to-date: /home/r0bot/桌面/course/week3/ros2_ws/install/armor_detect/share/ament_index/resource_index/package_run_dependencies/armor_detect
-- Up-to-date: /home/r0bot/桌面/course/week3/ros2_ws/install/armor_detect/share/ament_index/resource_index/parent_prefix_path/armor_detect
-- Up-to-date: /home/r0bot/桌面/course/week3/ros2_ws/install/armor_detect/share/armor_detect/environment/ament_prefix_path.sh
-- Up-to-date: /home/r0bot/桌面/course/week3/ros2_ws/install/armor_detect/share/armor_detect/environment/ament_prefix_path.dsv
-- Up-to-date: /home/r0bot/桌面/course/week3/ros2_ws/install/armor_detect/share/armor_detect/environment/path.sh
-- Up-to-date: /home/r0bot/桌面/course/week3/ros2_ws/install/armor_detect/share/armor_detect/environment/path.dsv
-- Up-to-date: /home/r0bot/桌面/course/week3/ros2_ws/install/armor_detect/share/armor_detect/local_setup.bash
-- Up-to-date: /home/r0bot/桌面/course/week3/ros2_ws/install/armor_detect/share/armor_detect/local_setup.sh
-- Up-to-date: /home/r0bot/桌面/course/week3/ros2_ws/install/armor_detect/share/armor_detect/local_setup.zsh
-- Up-to-date: /home/r0bot/桌面/course/week3/ros2_ws/install/armor_detect/share/armor_detect/local_setup.dsv
-- Installing: /home/r0bot/桌面/course/week3/ros2_ws/install/armor_detect/share/armor_detect/package.dsv
-- Up-to-date: /home/r0bot/桌面/course/week3/ros2_ws/install/armor_detect/share/ament_index/resource_index/packages/armor_detect
-- Up-to-date: /home/r0bot/桌面/course/week3/ros2_ws/install/armor_detect/share/armor_detect/cmake/armor_detectConfig.cmake
-- Up-to-date: /home/r0bot/桌面/course/week3/ros2_ws/install/armor_detect/share/armor_detect/cmake/armor_detectConfig-version.cmake
-- Up-to-date: /home/r0bot/桌面/course/week3/ros2_ws/install/armor_detect/share/armor_detect/package.xml
