[0.006s] Invoking command in '/home/r0bot/桌面/course/week3/ros2_ws/build/armor_detect': CMAKE_PREFIX_PATH=${CMAKE_PREFIX_PATH}:/opt/ros/humble /usr/bin/cmake --build /home/r0bot/桌面/course/week3/ros2_ws/build/armor_detect -- -j32 -l32
[0.037s] [ 12%] Built target armor_detector_lib
[0.037s] [ 25%] Built target step4_lightbars
[0.038s] [ 37%] Built target color_split
[0.038s] [ 43%] [32mBuilding CXX object CMakeFiles/video_player.dir/src/video_player.cpp.o[0m
[0.038s] [ 62%] Built target hsv_scan
[0.038s] [ 68%] Built target hsv_check
[0.038s] [ 81%] Built target step5_armor
[0.049s] [ 93%] Built target video_processor
[0.802s] [100%] [32m[1mLinking CXX executable video_player[0m
[0.994s] [100%] Built target video_player
[1.001s] Invoked command in '/home/r0bot/桌面/course/week3/ros2_ws/build/armor_detect' returned '0': CMAKE_PREFIX_PATH=${CMAKE_PREFIX_PATH}:/opt/ros/humble /usr/bin/cmake --build /home/r0bot/桌面/course/week3/ros2_ws/build/armor_detect -- -j32 -l32
[1.007s] Invoking command in '/home/r0bot/桌面/course/week3/ros2_ws/build/armor_detect': CMAKE_PREFIX_PATH=${CMAKE_PREFIX_PATH}:/opt/ros/humble /usr/bin/cmake --install /home/r0bot/桌面/course/week3/ros2_ws/build/armor_detect
[1.010s] -- Install configuration: ""
[1.010s] -- Up-to-date: /home/r0bot/桌面/course/week3/ros2_ws/install/armor_detect/lib/armor_detect/video_processor
[1.010s] -- Up-to-date: /home/r0bot/桌面/course/week3/ros2_ws/install/armor_detect/lib/armor_detect/color_split
[1.011s] -- Up-to-date: /home/r0bot/桌面/course/week3/ros2_ws/install/armor_detect/lib/armor_detect/step4_lightbars
[1.011s] -- Up-to-date: /home/r0bot/桌面/course/week3/ros2_ws/install/armor_detect/lib/armor_detect/hsv_check
[1.011s] -- Up-to-date: /home/r0bot/桌面/course/week3/ros2_ws/install/armor_detect/lib/armor_detect/hsv_scan
[1.011s] -- Up-to-date: /home/r0bot/桌面/course/week3/ros2_ws/install/armor_detect/lib/armor_detect/step5_armor
[1.011s] -- Installing: /home/r0bot/桌面/course/week3/ros2_ws/install/armor_detect/lib/armor_detect/video_player
[1.011s] -- Up-to-date: /home/r0bot/桌面/course/week3/ros2_ws/install/armor_detect/share/ament_index/resource_index/package_run_dependencies/armor_detect
[1.011s] -- Up-to-date: /home/r0bot/桌面/course/week3/ros2_ws/install/armor_detect/share/ament_index/resource_index/parent_prefix_path/armor_detect
[1.011s] -- Up-to-date: /home/r0bot/桌面/course/week3/ros2_ws/install/armor_detect/share/armor_detect/environment/ament_prefix_path.sh
[1.011s] -- Up-to-date: /home/r0bot/桌面/course/week3/ros2_ws/install/armor_detect/share/armor_detect/environment/ament_prefix_path.dsv
[1.011s] -- Up-to-date: /home/r0bot/桌面/course/week3/ros2_ws/install/armor_detect/share/armor_detect/environment/path.sh
[1.011s] -- Up-to-date: /home/r0bot/桌面/course/week3/ros2_ws/install/armor_detect/share/armor_detect/environment/path.dsv
[1.011s] -- Up-to-date: /home/r0bot/桌面/course/week3/ros2_ws/install/armor_detect/share/armor_detect/local_setup.bash
[1.011s] -- Up-to-date: /home/r0bot/桌面/course/week3/ros2_ws/install/armor_detect/share/armor_detect/local_setup.sh
[1.011s] -- Up-to-date: /home/r0bot/桌面/course/week3/ros2_ws/install/armor_detect/share/armor_detect/local_setup.zsh
[1.012s] -- Up-to-date: /home/r0bot/桌面/course/week3/ros2_ws/install/armor_detect/share/armor_detect/local_setup.dsv
[1.012s] -- Installing: /home/r0bot/桌面/course/week3/ros2_ws/install/armor_detect/share/armor_detect/package.dsv
[1.012s] -- Up-to-date: /home/r0bot/桌面/course/week3/ros2_ws/install/armor_detect/share/ament_index/resource_index/packages/armor_detect
[1.012s] -- Up-to-date: /home/r0bot/桌面/course/week3/ros2_ws/install/armor_detect/share/armor_detect/cmake/armor_detectConfig.cmake
[1.012s] -- Up-to-date: /home/r0bot/桌面/course/week3/ros2_ws/install/armor_detect/share/armor_detect/cmake/armor_detectConfig-version.cmake
[1.012s] -- Up-to-date: /home/r0bot/桌面/course/week3/ros2_ws/install/armor_detect/share/armor_detect/package.xml
[1.013s] Invoked command in '/home/r0bot/桌面/course/week3/ros2_ws/build/armor_detect' returned '0': CMAKE_PREFIX_PATH=${CMAKE_PREFIX_PATH}:/opt/ros/humble /usr/bin/cmake --install /home/r0bot/桌面/course/week3/ros2_ws/build/armor_detect
