[01m[K/home/r0bot/桌面/course/week2/ros2_ws/src/training_pkg/src/talker.cpp:[m[K In constructor ‘[01m[KTalker::Talker()[m[K’:
[01m[K/home/r0bot/桌面/course/week2/ros2_ws/src/training_pkg/src/talker.cpp:19:5:[m[K [01;31m[Kerror: [m[Kexpected ‘[01m[K,[m[K’ or ‘[01m[K;[m[K’ before ‘[01m[Kpublisher_[m[K’
   19 |     [01;31m[Kpublisher_[m[K = this->create_publisher<std_msgs::msg::String>("chatter", 10);
      |     [01;31m[K^~~~~~~~~~[m[K
[01m[K/home/r0bot/桌面/course/week2/ros2_ws/src/training_pkg/src/talker.cpp:23:46:[m[K [01;31m[Kerror: [m[Kexpected ‘[01m[K)[m[K’ before ‘[01m[K，[m[K’
   23 |         std::chrono::duration<double>(period)[01;31m[K，[m[K
      |                                              [01;31m[K^~[m[K
[01m[K/home/r0bot/桌面/course/week2/ros2_ws/src/training_pkg/src/talker.cpp:22:37:[m[K [01;36m[Knote: [m[Kto match this ‘[01m[K([m[K’
   22 |     timer_ = this->create_wall_timer[01;36m[K([m[K
      |                                     [01;36m[K^[m[K
[01m[K/home/r0bot/桌面/course/week2/ros2_ws/src/training_pkg/src/talker.cpp:22:37:[m[K [01;31m[Kerror: [m[Kno matching function for call to ‘[01m[KTalker::create_wall_timer(std::chrono::duration<double>)[m[K’
   22 |     timer_ = [01;31m[Kthis->create_wall_timer([m[K
      |              [01;31m[K~~~~~~~~~~~~~~~~~~~~~~~^[m[K
   23 | [01;31m[K        std::chrono::duration<double>(period)，[m[K
      |         [01;31m[K~~~~~~~~~~~~~~~~~~~~~~~~~~~~~~~~~~~~~~~[m[K
In file included from [01m[K/opt/ros/humble/include/rclcpp/rclcpp/executors/single_threaded_executor.hpp:28[m[K,
                 from [01m[K/opt/ros/humble/include/rclcpp/rclcpp/executors.hpp:22[m[K,
                 from [01m[K/opt/ros/humble/include/rclcpp/rclcpp/rclcpp.hpp:155[m[K,
                 from [01m[K/home/r0bot/桌面/course/week2/ros2_ws/src/training_pkg/src/talker.cpp:5[m[K:
[01m[K/opt/ros/humble/include/rclcpp/rclcpp/node.hpp:238:3:[m[K [01;36m[Knote: [m[Kcandidate: ‘[01m[Ktemplate<class DurationRepT, class DurationT, class CallbackT> typename rclcpp::WallTimer<CallbackT>::SharedPtr rclcpp::Node::create_wall_timer(std::chrono::duration<_Rep1, _Period1>, CallbackT, rclcpp::CallbackGroup::SharedPtr)[m[K’
  238 |   [01;36m[Kcreate_wall_timer[m[K(
      |   [01;36m[K^~~~~~~~~~~~~~~~~[m[K
[01m[K/opt/ros/humble/include/rclcpp/rclcpp/node.hpp:238:3:[m[K [01;36m[Knote: [m[K  template argument deduction/substitution failed:
[01m[K/home/r0bot/桌面/course/week2/ros2_ws/src/training_pkg/src/talker.cpp:22:37:[m[K [01;36m[Knote: [m[K  candidate expects 3 arguments, 1 provided
   22 |     timer_ = [01;36m[Kthis->create_wall_timer([m[K
      |              [01;36m[K~~~~~~~~~~~~~~~~~~~~~~~^[m[K
   23 | [01;36m[K        std::chrono::duration<double>(period)，[m[K
      |         [01;36m[K~~~~~~~~~~~~~~~~~~~~~~~~~~~~~~~~~~~~~~~[m[K
gmake[2]: *** [CMakeFiles/talker.dir/build.make:76：CMakeFiles/talker.dir/src/talker.cpp.o] 错误 1
gmake[1]: *** [CMakeFiles/Makefile2:139：CMakeFiles/talker.dir/all] 错误 2
gmake: *** [Makefile:146：all] 错误 2
